[2019-08-15 14:47:39:731]  [hmmzhtx_eureka_client,,,,] [INFO] - org.springframework.boot.SpringApplication.logStartupProfileInfo(SpringApplication.java:656) - The following profiles are active: client1
[2019-08-15 14:47:42:973]  [hmmzhtx_eureka_client,,,,] [INFO] - org.apache.juli.logging.DirectJDKLog.log(DirectJDKLog.java:180) - Initializing ProtocolHandler ["http-nio-2001"]
[2019-08-15 14:47:42:986]  [hmmzhtx_eureka_client,,,,] [INFO] - org.apache.juli.logging.DirectJDKLog.log(DirectJDKLog.java:180) - Starting service [Tomcat]
[2019-08-15 14:47:42:988]  [hmmzhtx_eureka_client,,,,] [INFO] - org.apache.juli.logging.DirectJDKLog.log(DirectJDKLog.java:180) - Starting Servlet Engine: Apache Tomcat/8.5.28
[2019-08-15 14:47:42:994]  [hmmzhtx_eureka_client,,,,] [INFO] - org.apache.juli.logging.DirectJDKLog.log(DirectJDKLog.java:180) - The APR based Apache Tomcat Native library which allows optimal performance in production environments was not found on the java.library.path: [C:\Program Files (x86)\Java\jdk1.8.0_131\bin;C:\Windows\Sun\Java\bin;C:\Windows\system32;C:\Windows;C:\ProgramData\Oracle\Java\javapath;C:\Windows\system32;C:\Windows;C:\Windows\System32\Wbem;C:\Windows\System32\WindowsPowerShell\v1.0\;C:\Program Files\TortoiseSVN\bin;"C:\Program Files (x86)\Java\jdk1.8.0_131\bin;C:\Program Files (x86)\Java\jdk1.8.0_131\jre\bin;";C:\Program Files\Git\cmd;C:\Program Files\PuTTY\;C:\Program ming\Anaconda3;C:\Program ming\Anaconda3\Library\mingw-w64\bin;C:\Program ming\Anaconda3\Library\usr\bin;C:\Program ming\Anaconda3\Library\bin;C:\Program ming\Anaconda3\Scripts;C:\Users\huangmingming\AppData\Local\Microsoft\WindowsApps;C:\Program Files (x86)\SSH Communications Security\SSH Secure Shell;C:\Users\huangmingming\AppData\Local\GitHubDesktop\bin;C:\Python27;C:\Python27\Scripts\scrapy.exe;C:\Program ming\zookeeper-3.4.12\bin;C:\Program ming\Microsoft VS Code\bin;.]
[2019-08-15 14:47:43:168]  [hmmzhtx_eureka_client,,,,] [INFO] - org.apache.juli.logging.DirectJDKLog.log(DirectJDKLog.java:180) - Initializing Spring embedded WebApplicationContext
[2019-08-15 14:47:45:232]  [hmmzhtx_eureka_client,,,,] [WARN] - com.netflix.config.sources.URLConfigurationSource.<init>(URLConfigurationSource.java:121) - No URLs will be polled as dynamic configuration sources.
[2019-08-15 14:47:45:237]  [hmmzhtx_eureka_client,,,,] [INFO] - com.netflix.config.sources.URLConfigurationSource.<init>(URLConfigurationSource.java:122) - To enable URLs as dynamic configuration sources, define System property archaius.configurationSource.additionalUrls or make config.properties available on classpath.
[2019-08-15 14:47:45:248]  [hmmzhtx_eureka_client,,,,] [WARN] - com.netflix.config.sources.URLConfigurationSource.<init>(URLConfigurationSource.java:121) - No URLs will be polled as dynamic configuration sources.
[2019-08-15 14:47:45:249]  [hmmzhtx_eureka_client,,,,] [INFO] - com.netflix.config.sources.URLConfigurationSource.<init>(URLConfigurationSource.java:122) - To enable URLs as dynamic configuration sources, define System property archaius.configurationSource.additionalUrls or make config.properties available on classpath.
[2019-08-15 14:47:47:770]  [hmmzhtx_eureka_client,,,,] [INFO] - com.netflix.discovery.DiscoveryClient.<init>(DiscoveryClient.java:349) - Initializing Eureka in region us-east-1
[2019-08-15 14:47:48:067]  [hmmzhtx_eureka_client,,,,] [INFO] - com.netflix.discovery.provider.DiscoveryJerseyProvider.<init>(DiscoveryJerseyProvider.java:70) - Using JSON encoding codec LegacyJacksonJson
[2019-08-15 14:47:48:067]  [hmmzhtx_eureka_client,,,,] [INFO] - com.netflix.discovery.provider.DiscoveryJerseyProvider.<init>(DiscoveryJerseyProvider.java:71) - Using JSON decoding codec LegacyJacksonJson
[2019-08-15 14:47:48:223]  [hmmzhtx_eureka_client,,,,] [INFO] - com.netflix.discovery.provider.DiscoveryJerseyProvider.<init>(DiscoveryJerseyProvider.java:80) - Using XML encoding codec XStreamXml
[2019-08-15 14:47:48:223]  [hmmzhtx_eureka_client,,,,] [INFO] - com.netflix.discovery.provider.DiscoveryJerseyProvider.<init>(DiscoveryJerseyProvider.java:81) - Using XML decoding codec XStreamXml
[2019-08-15 14:47:48:444]  [hmmzhtx_eureka_client,,,,] [INFO] - com.netflix.discovery.shared.resolver.aws.ConfigClusterResolver.getClusterEndpoints(ConfigClusterResolver.java:43) - Resolving eureka endpoints via configuration
[2019-08-15 14:47:48:583]  [hmmzhtx_eureka_client,,,,] [INFO] - com.netflix.discovery.DiscoveryClient.fetchRegistry(DiscoveryClient.java:958) - Disable delta property : false
[2019-08-15 14:47:48:584]  [hmmzhtx_eureka_client,,,,] [INFO] - com.netflix.discovery.DiscoveryClient.fetchRegistry(DiscoveryClient.java:959) - Single vip registry refresh property : null
[2019-08-15 14:47:48:585]  [hmmzhtx_eureka_client,,,,] [INFO] - com.netflix.discovery.DiscoveryClient.fetchRegistry(DiscoveryClient.java:960) - Force full registry fetch : false
[2019-08-15 14:47:48:586]  [hmmzhtx_eureka_client,,,,] [INFO] - com.netflix.discovery.DiscoveryClient.fetchRegistry(DiscoveryClient.java:961) - Application is null : false
[2019-08-15 14:47:48:586]  [hmmzhtx_eureka_client,,,,] [INFO] - com.netflix.discovery.DiscoveryClient.fetchRegistry(DiscoveryClient.java:962) - Registered Applications size is zero : true
[2019-08-15 14:47:48:586]  [hmmzhtx_eureka_client,,,,] [INFO] - com.netflix.discovery.DiscoveryClient.fetchRegistry(DiscoveryClient.java:964) - Application version is -1: true
[2019-08-15 14:47:48:587]  [hmmzhtx_eureka_client,,,,] [INFO] - com.netflix.discovery.DiscoveryClient.getAndStoreFullRegistry(DiscoveryClient.java:1047) - Getting all instance registry info from the eureka server
[2019-08-15 14:47:48:967]  [hmmzhtx_eureka_client,,,,] [INFO] - com.netflix.discovery.DiscoveryClient.getAndStoreFullRegistry(DiscoveryClient.java:1056) - The response status is 200
[2019-08-15 14:47:48:970]  [hmmzhtx_eureka_client,,,,] [INFO] - com.netflix.discovery.DiscoveryClient.initScheduledTasks(DiscoveryClient.java:1264) - Starting heartbeat executor: renew interval is: 30
[2019-08-15 14:47:48:975]  [hmmzhtx_eureka_client,,,,] [INFO] - com.netflix.discovery.InstanceInfoReplicator.<init>(InstanceInfoReplicator.java:60) - InstanceInfoReplicator onDemand update allowed rate per min is 4
[2019-08-15 14:47:48:981]  [hmmzhtx_eureka_client,,,,] [INFO] - com.netflix.discovery.DiscoveryClient.<init>(DiscoveryClient.java:449) - Discovery Client initialized at timestamp 1565851668979 with initial instances count: 0
[2019-08-15 14:47:49:003]  [hmmzhtx_eureka_client,,,,] [INFO] - com.netflix.discovery.DiscoveryClient$3.notify(DiscoveryClient.java:1299) - Saw local status change event StatusChangeEvent [timestamp=1565851669003, current=UP, previous=STARTING]
[2019-08-15 14:47:49:005]  [hmmzhtx_eureka_client,,,,] [INFO] - com.netflix.discovery.DiscoveryClient.register(DiscoveryClient.java:826) - DiscoveryClient_EUREKA-CLIENT/SH-NC-0025.zzss.local:eureka-client:2001: registering service...
[2019-08-15 14:47:49:057]  [hmmzhtx_eureka_client,,,,] [INFO] - org.apache.juli.logging.DirectJDKLog.log(DirectJDKLog.java:180) - Starting ProtocolHandler ["http-nio-2001"]
[2019-08-15 14:47:49:074]  [hmmzhtx_eureka_client,,,,] [INFO] - org.apache.juli.logging.DirectJDKLog.log(DirectJDKLog.java:180) - Using a shared selector for servlet write/read
[2019-08-15 14:47:49:118]  [hmmzhtx_eureka_client,,,,] [INFO] - org.springframework.boot.StartupInfoLogger.logStarted(StartupInfoLogger.java:59) - Started EurekaClientApplication in 11.752 seconds (JVM running for 14.032)
[2019-08-15 14:47:49:153]  [hmmzhtx_eureka_client,,,,] [INFO] - com.netflix.discovery.DiscoveryClient.register(DiscoveryClient.java:835) - DiscoveryClient_EUREKA-CLIENT/SH-NC-0025.zzss.local:eureka-client:2001 - registration status: 204
[2019-08-15 14:48:18:972]  [hmmzhtx_eureka_client,,,,] [INFO] - com.netflix.discovery.DiscoveryClient.fetchRegistry(DiscoveryClient.java:958) - Disable delta property : false
[2019-08-15 14:48:18:972]  [hmmzhtx_eureka_client,,,,] [INFO] - com.netflix.discovery.DiscoveryClient.fetchRegistry(DiscoveryClient.java:959) - Single vip registry refresh property : null
[2019-08-15 14:48:18:973]  [hmmzhtx_eureka_client,,,,] [INFO] - com.netflix.discovery.DiscoveryClient.fetchRegistry(DiscoveryClient.java:960) - Force full registry fetch : false
[2019-08-15 14:48:18:973]  [hmmzhtx_eureka_client,,,,] [INFO] - com.netflix.discovery.DiscoveryClient.fetchRegistry(DiscoveryClient.java:961) - Application is null : false
[2019-08-15 14:48:18:973]  [hmmzhtx_eureka_client,,,,] [INFO] - com.netflix.discovery.DiscoveryClient.fetchRegistry(DiscoveryClient.java:962) - Registered Applications size is zero : true
[2019-08-15 14:48:18:974]  [hmmzhtx_eureka_client,,,,] [INFO] - com.netflix.discovery.DiscoveryClient.fetchRegistry(DiscoveryClient.java:964) - Application version is -1: false
[2019-08-15 14:48:18:974]  [hmmzhtx_eureka_client,,,,] [INFO] - com.netflix.discovery.DiscoveryClient.getAndStoreFullRegistry(DiscoveryClient.java:1047) - Getting all instance registry info from the eureka server
[2019-08-15 14:48:19:042]  [hmmzhtx_eureka_client,,,,] [INFO] - com.netflix.discovery.DiscoveryClient.getAndStoreFullRegistry(DiscoveryClient.java:1056) - The response status is 200
[2019-08-15 14:52:48:596]  [hmmzhtx_eureka_client,,,,] [INFO] - com.netflix.discovery.shared.resolver.aws.ConfigClusterResolver.getClusterEndpoints(ConfigClusterResolver.java:43) - Resolving eureka endpoints via configuration
[2019-08-15 14:57:48:602]  [hmmzhtx_eureka_client,,,,] [INFO] - com.netflix.discovery.shared.resolver.aws.ConfigClusterResolver.getClusterEndpoints(ConfigClusterResolver.java:43) - Resolving eureka endpoints via configuration
[2019-08-15 15:02:48:606]  [hmmzhtx_eureka_client,,,,] [INFO] - com.netflix.discovery.shared.resolver.aws.ConfigClusterResolver.getClusterEndpoints(ConfigClusterResolver.java:43) - Resolving eureka endpoints via configuration
[2019-08-15 15:07:48:611]  [hmmzhtx_eureka_client,,,,] [INFO] - com.netflix.discovery.shared.resolver.aws.ConfigClusterResolver.getClusterEndpoints(ConfigClusterResolver.java:43) - Resolving eureka endpoints via configuration
[2019-08-15 15:07:52:787]  [hmmzhtx_eureka_client,,,,] [INFO] - org.apache.juli.logging.DirectJDKLog.log(DirectJDKLog.java:180) - Initializing Spring FrameworkServlet 'dispatcherServlet'
[2019-08-15 15:07:52:930]  [hmmzhtx_eureka_client,4fbfb04c4c492a75,d7494e910d2e0304,4fbfb04c4c492a75,true] [INFO] - com.myylm.commons.aop.LoggerAdvice.addBeforeLogger(LoggerAdvice.java:26) - 执行 client_Hello 开始
[2019-08-15 15:07:52:931]  [hmmzhtx_eureka_client,4fbfb04c4c492a75,d7494e910d2e0304,4fbfb04c4c492a75,true] [INFO] - com.myylm.commons.aop.LoggerAdvice.addBeforeLogger(LoggerAdvice.java:32) - URL : http://SH-NC-0025.zzss.local:2001/helloSay
[2019-08-15 15:07:52:931]  [hmmzhtx_eureka_client,4fbfb04c4c492a75,d7494e910d2e0304,4fbfb04c4c492a75,true] [INFO] - com.myylm.commons.aop.LoggerAdvice.addBeforeLogger(LoggerAdvice.java:33) - HTTP_METHOD : GET
[2019-08-15 15:07:52:931]  [hmmzhtx_eureka_client,4fbfb04c4c492a75,d7494e910d2e0304,4fbfb04c4c492a75,true] [INFO] - com.myylm.commons.aop.LoggerAdvice.addBeforeLogger(LoggerAdvice.java:34) - IP : 192.168.71.229
[2019-08-15 15:07:52:935]  [hmmzhtx_eureka_client,4fbfb04c4c492a75,d7494e910d2e0304,4fbfb04c4c492a75,true] [INFO] - com.myylm.commons.aop.LoggerAdvice.addBeforeLogger(LoggerAdvice.java:35) - CLASS_METHOD : com.myylm.Controller.HelloController.HelloWordController
[2019-08-15 15:07:52:945]  [hmmzhtx_eureka_client,4fbfb04c4c492a75,d7494e910d2e0304,4fbfb04c4c492a75,true] [INFO] - com.myylm.commons.aop.LoggerAdvice.addBeforeLogger(LoggerAdvice.java:36) - ARGS : 传入参数[{}] java.lang.String@d04b1c[value={单,纯,的,消,费,者},hash=1678219626]  
[2019-08-15 15:07:52:956]  [hmmzhtx_eureka_client,4fbfb04c4c492a75,d7494e910d2e0304,4fbfb04c4c492a75,true] [INFO] - com.myylm.Controller.HelloController.HelloWordController(HelloController.java:29) - client1....
[2019-08-15 15:07:52:956]  [hmmzhtx_eureka_client,4fbfb04c4c492a75,d7494e910d2e0304,4fbfb04c4c492a75,true] [INFO] - com.myylm.commons.aop.LoggerAdvice.addAfterReturningLogger(LoggerAdvice.java:42) - 执行 client_Hello 结束
[2019-08-15 15:07:54:257]  [hmmzhtx_eureka_client,,,,] [INFO] - com.netflix.config.ChainedDynamicProperty$ChainLink.checkAndFlip(ChainedDynamicProperty.java:115) - Flipping property: peer1.ribbon.ActiveConnectionsLimit to use NEXT property: niws.loadbalancer.availabilityFilteringRule.activeConnectionsLimit = 2147483647
[2019-08-15 15:07:54:286]  [hmmzhtx_eureka_client,,,,] [INFO] - com.netflix.util.concurrent.ShutdownEnabledTimer.<init>(ShutdownEnabledTimer.java:58) - Shutdown hook installed for: NFLoadBalancer-PingTimer-peer1
[2019-08-15 15:07:54:312]  [hmmzhtx_eureka_client,,,,] [INFO] - com.netflix.loadbalancer.BaseLoadBalancer.initWithConfig(BaseLoadBalancer.java:192) - Client: peer1 instantiated a LoadBalancer: DynamicServerListLoadBalancer:{NFLoadBalancer:name=peer1,current list of Servers=[],Load balancer stats=Zone stats: {},Server stats: []}ServerList:null
[2019-08-15 15:07:54:319]  [hmmzhtx_eureka_client,,,,] [INFO] - com.netflix.loadbalancer.DynamicServerListLoadBalancer.enableAndInitLearnNewServersFeature(DynamicServerListLoadBalancer.java:222) - Using serverListUpdater PollingServerListUpdater
[2019-08-15 15:07:54:325]  [hmmzhtx_eureka_client,,,,] [INFO] - com.netflix.loadbalancer.DynamicServerListLoadBalancer.restOfInit(DynamicServerListLoadBalancer.java:150) - DynamicServerListLoadBalancer for client peer1 initialized: DynamicServerListLoadBalancer:{NFLoadBalancer:name=peer1,current list of Servers=[],Load balancer stats=Zone stats: {},Server stats: []}ServerList:org.springframework.cloud.netflix.ribbon.eureka.DomainExtractingServerList@56b171
[2019-08-15 15:08:16:903]  [hmmzhtx_eureka_client,0aee9d81786616fe,3265f02b8d65a60e,0aee9d81786616fe,true] [INFO] - com.myylm.commons.aop.LoggerAdvice.addBeforeLogger(LoggerAdvice.java:26) - 执行 client_Hello 开始
[2019-08-15 15:08:16:905]  [hmmzhtx_eureka_client,0aee9d81786616fe,3265f02b8d65a60e,0aee9d81786616fe,true] [INFO] - com.myylm.commons.aop.LoggerAdvice.addBeforeLogger(LoggerAdvice.java:32) - URL : http://SH-NC-0025.zzss.local:2001/helloSay
[2019-08-15 15:08:16:905]  [hmmzhtx_eureka_client,0aee9d81786616fe,3265f02b8d65a60e,0aee9d81786616fe,true] [INFO] - com.myylm.commons.aop.LoggerAdvice.addBeforeLogger(LoggerAdvice.java:33) - HTTP_METHOD : GET
[2019-08-15 15:08:16:906]  [hmmzhtx_eureka_client,0aee9d81786616fe,3265f02b8d65a60e,0aee9d81786616fe,true] [INFO] - com.myylm.commons.aop.LoggerAdvice.addBeforeLogger(LoggerAdvice.java:34) - IP : 192.168.71.229
[2019-08-15 15:08:16:907]  [hmmzhtx_eureka_client,0aee9d81786616fe,3265f02b8d65a60e,0aee9d81786616fe,true] [INFO] - com.myylm.commons.aop.LoggerAdvice.addBeforeLogger(LoggerAdvice.java:35) - CLASS_METHOD : com.myylm.Controller.HelloController.HelloWordController
[2019-08-15 15:08:16:908]  [hmmzhtx_eureka_client,0aee9d81786616fe,3265f02b8d65a60e,0aee9d81786616fe,true] [INFO] - com.myylm.commons.aop.LoggerAdvice.addBeforeLogger(LoggerAdvice.java:36) - ARGS : 传入参数[{}] java.lang.String@1cb90cf[value={单,纯,的,消,费,者},hash=1678219626]  
[2019-08-15 15:08:16:908]  [hmmzhtx_eureka_client,0aee9d81786616fe,3265f02b8d65a60e,0aee9d81786616fe,true] [INFO] - com.myylm.Controller.HelloController.HelloWordController(HelloController.java:29) - client1....
[2019-08-15 15:08:16:909]  [hmmzhtx_eureka_client,0aee9d81786616fe,3265f02b8d65a60e,0aee9d81786616fe,true] [INFO] - com.myylm.commons.aop.LoggerAdvice.addAfterReturningLogger(LoggerAdvice.java:42) - 执行 client_Hello 结束
[2019-08-15 15:08:41:981]  [hmmzhtx_eureka_client,,,,] [INFO] - org.springframework.boot.SpringApplication.logStartupProfileInfo(SpringApplication.java:656) - The following profiles are active: client1
[2019-08-15 15:08:46:189]  [hmmzhtx_eureka_client,,,,] [INFO] - org.apache.juli.logging.DirectJDKLog.log(DirectJDKLog.java:180) - Initializing ProtocolHandler ["http-nio-2001"]
[2019-08-15 15:08:46:216]  [hmmzhtx_eureka_client,,,,] [INFO] - org.apache.juli.logging.DirectJDKLog.log(DirectJDKLog.java:180) - Starting service [Tomcat]
[2019-08-15 15:08:46:218]  [hmmzhtx_eureka_client,,,,] [INFO] - org.apache.juli.logging.DirectJDKLog.log(DirectJDKLog.java:180) - Starting Servlet Engine: Apache Tomcat/8.5.28
[2019-08-15 15:08:46:225]  [hmmzhtx_eureka_client,,,,] [INFO] - org.apache.juli.logging.DirectJDKLog.log(DirectJDKLog.java:180) - The APR based Apache Tomcat Native library which allows optimal performance in production environments was not found on the java.library.path: [C:\Program Files (x86)\Java\jdk1.8.0_131\bin;C:\Windows\Sun\Java\bin;C:\Windows\system32;C:\Windows;C:\ProgramData\Oracle\Java\javapath;C:\Windows\system32;C:\Windows;C:\Windows\System32\Wbem;C:\Windows\System32\WindowsPowerShell\v1.0\;C:\Program Files\TortoiseSVN\bin;"C:\Program Files (x86)\Java\jdk1.8.0_131\bin;C:\Program Files (x86)\Java\jdk1.8.0_131\jre\bin;";C:\Program Files\Git\cmd;C:\Program Files\PuTTY\;C:\Program ming\Anaconda3;C:\Program ming\Anaconda3\Library\mingw-w64\bin;C:\Program ming\Anaconda3\Library\usr\bin;C:\Program ming\Anaconda3\Library\bin;C:\Program ming\Anaconda3\Scripts;C:\Users\huangmingming\AppData\Local\Microsoft\WindowsApps;C:\Program Files (x86)\SSH Communications Security\SSH Secure Shell;C:\Users\huangmingming\AppData\Local\GitHubDesktop\bin;C:\Python27;C:\Python27\Scripts\scrapy.exe;C:\Program ming\zookeeper-3.4.12\bin;C:\Program ming\Microsoft VS Code\bin;.]
[2019-08-15 15:08:46:441]  [hmmzhtx_eureka_client,,,,] [INFO] - org.apache.juli.logging.DirectJDKLog.log(DirectJDKLog.java:180) - Initializing Spring embedded WebApplicationContext
[2019-08-15 15:08:49:672]  [hmmzhtx_eureka_client,,,,] [WARN] - com.netflix.config.sources.URLConfigurationSource.<init>(URLConfigurationSource.java:121) - No URLs will be polled as dynamic configuration sources.
[2019-08-15 15:08:49:673]  [hmmzhtx_eureka_client,,,,] [INFO] - com.netflix.config.sources.URLConfigurationSource.<init>(URLConfigurationSource.java:122) - To enable URLs as dynamic configuration sources, define System property archaius.configurationSource.additionalUrls or make config.properties available on classpath.
[2019-08-15 15:08:49:685]  [hmmzhtx_eureka_client,,,,] [WARN] - com.netflix.config.sources.URLConfigurationSource.<init>(URLConfigurationSource.java:121) - No URLs will be polled as dynamic configuration sources.
[2019-08-15 15:08:49:686]  [hmmzhtx_eureka_client,,,,] [INFO] - com.netflix.config.sources.URLConfigurationSource.<init>(URLConfigurationSource.java:122) - To enable URLs as dynamic configuration sources, define System property archaius.configurationSource.additionalUrls or make config.properties available on classpath.
[2019-08-15 15:08:53:634]  [hmmzhtx_eureka_client,,,,] [INFO] - com.netflix.discovery.DiscoveryClient.<init>(DiscoveryClient.java:349) - Initializing Eureka in region us-east-1
[2019-08-15 15:08:53:977]  [hmmzhtx_eureka_client,,,,] [INFO] - com.netflix.discovery.provider.DiscoveryJerseyProvider.<init>(DiscoveryJerseyProvider.java:70) - Using JSON encoding codec LegacyJacksonJson
[2019-08-15 15:08:53:977]  [hmmzhtx_eureka_client,,,,] [INFO] - com.netflix.discovery.provider.DiscoveryJerseyProvider.<init>(DiscoveryJerseyProvider.java:71) - Using JSON decoding codec LegacyJacksonJson
[2019-08-15 15:08:54:175]  [hmmzhtx_eureka_client,,,,] [INFO] - com.netflix.discovery.provider.DiscoveryJerseyProvider.<init>(DiscoveryJerseyProvider.java:80) - Using XML encoding codec XStreamXml
[2019-08-15 15:08:54:176]  [hmmzhtx_eureka_client,,,,] [INFO] - com.netflix.discovery.provider.DiscoveryJerseyProvider.<init>(DiscoveryJerseyProvider.java:81) - Using XML decoding codec XStreamXml
[2019-08-15 15:08:54:446]  [hmmzhtx_eureka_client,,,,] [INFO] - com.netflix.discovery.shared.resolver.aws.ConfigClusterResolver.getClusterEndpoints(ConfigClusterResolver.java:43) - Resolving eureka endpoints via configuration
[2019-08-15 15:08:54:607]  [hmmzhtx_eureka_client,,,,] [INFO] - com.netflix.discovery.DiscoveryClient.fetchRegistry(DiscoveryClient.java:958) - Disable delta property : false
[2019-08-15 15:08:54:608]  [hmmzhtx_eureka_client,,,,] [INFO] - com.netflix.discovery.DiscoveryClient.fetchRegistry(DiscoveryClient.java:959) - Single vip registry refresh property : null
[2019-08-15 15:08:54:609]  [hmmzhtx_eureka_client,,,,] [INFO] - com.netflix.discovery.DiscoveryClient.fetchRegistry(DiscoveryClient.java:960) - Force full registry fetch : false
[2019-08-15 15:08:54:609]  [hmmzhtx_eureka_client,,,,] [INFO] - com.netflix.discovery.DiscoveryClient.fetchRegistry(DiscoveryClient.java:961) - Application is null : false
[2019-08-15 15:08:54:610]  [hmmzhtx_eureka_client,,,,] [INFO] - com.netflix.discovery.DiscoveryClient.fetchRegistry(DiscoveryClient.java:962) - Registered Applications size is zero : true
[2019-08-15 15:08:54:610]  [hmmzhtx_eureka_client,,,,] [INFO] - com.netflix.discovery.DiscoveryClient.fetchRegistry(DiscoveryClient.java:964) - Application version is -1: true
[2019-08-15 15:08:54:611]  [hmmzhtx_eureka_client,,,,] [INFO] - com.netflix.discovery.DiscoveryClient.getAndStoreFullRegistry(DiscoveryClient.java:1047) - Getting all instance registry info from the eureka server
[2019-08-15 15:08:54:844]  [hmmzhtx_eureka_client,,,,] [INFO] - com.netflix.discovery.DiscoveryClient.getAndStoreFullRegistry(DiscoveryClient.java:1056) - The response status is 200
[2019-08-15 15:08:54:850]  [hmmzhtx_eureka_client,,,,] [INFO] - com.netflix.discovery.DiscoveryClient.initScheduledTasks(DiscoveryClient.java:1264) - Starting heartbeat executor: renew interval is: 30
[2019-08-15 15:08:54:854]  [hmmzhtx_eureka_client,,,,] [INFO] - com.netflix.discovery.InstanceInfoReplicator.<init>(InstanceInfoReplicator.java:60) - InstanceInfoReplicator onDemand update allowed rate per min is 4
[2019-08-15 15:08:54:861]  [hmmzhtx_eureka_client,,,,] [INFO] - com.netflix.discovery.DiscoveryClient.<init>(DiscoveryClient.java:449) - Discovery Client initialized at timestamp 1565852934860 with initial instances count: 2
[2019-08-15 15:08:54:884]  [hmmzhtx_eureka_client,,,,] [INFO] - com.netflix.discovery.DiscoveryClient$3.notify(DiscoveryClient.java:1299) - Saw local status change event StatusChangeEvent [timestamp=1565852934884, current=UP, previous=STARTING]
[2019-08-15 15:08:54:886]  [hmmzhtx_eureka_client,,,,] [INFO] - com.netflix.discovery.DiscoveryClient.register(DiscoveryClient.java:826) - DiscoveryClient_EUREKA-CLIENT/SH-NC-0025.zzss.local:eureka-client:2001: registering service...
[2019-08-15 15:08:54:923]  [hmmzhtx_eureka_client,,,,] [INFO] - org.apache.juli.logging.DirectJDKLog.log(DirectJDKLog.java:180) - Starting ProtocolHandler ["http-nio-2001"]
[2019-08-15 15:08:54:936]  [hmmzhtx_eureka_client,,,,] [INFO] - com.netflix.discovery.DiscoveryClient.register(DiscoveryClient.java:835) - DiscoveryClient_EUREKA-CLIENT/SH-NC-0025.zzss.local:eureka-client:2001 - registration status: 204
[2019-08-15 15:08:54:938]  [hmmzhtx_eureka_client,,,,] [INFO] - org.apache.juli.logging.DirectJDKLog.log(DirectJDKLog.java:180) - Using a shared selector for servlet write/read
[2019-08-15 15:08:54:981]  [hmmzhtx_eureka_client,,,,] [INFO] - org.springframework.boot.StartupInfoLogger.logStarted(StartupInfoLogger.java:59) - Started EurekaClientApplication in 15.471 seconds (JVM running for 17.302)
[2019-08-15 15:09:29:286]  [hmmzhtx_eureka_client,,,,] [INFO] - org.apache.juli.logging.DirectJDKLog.log(DirectJDKLog.java:180) - Initializing Spring FrameworkServlet 'dispatcherServlet'
[2019-08-15 15:09:29:521]  [hmmzhtx_eureka_client,fc31036cf2045128,f84137cbfcc22d63,fc31036cf2045128,true] [INFO] - com.myylm.commons.aop.LoggerAdvice.addBeforeLogger(LoggerAdvice.java:26) - 执行 client_Hello 开始
[2019-08-15 15:09:29:523]  [hmmzhtx_eureka_client,fc31036cf2045128,f84137cbfcc22d63,fc31036cf2045128,true] [INFO] - com.myylm.commons.aop.LoggerAdvice.addBeforeLogger(LoggerAdvice.java:32) - URL : http://SH-NC-0025.zzss.local:2001/helloSay
[2019-08-15 15:09:29:524]  [hmmzhtx_eureka_client,fc31036cf2045128,f84137cbfcc22d63,fc31036cf2045128,true] [INFO] - com.myylm.commons.aop.LoggerAdvice.addBeforeLogger(LoggerAdvice.java:33) - HTTP_METHOD : GET
[2019-08-15 15:09:29:526]  [hmmzhtx_eureka_client,fc31036cf2045128,f84137cbfcc22d63,fc31036cf2045128,true] [INFO] - com.myylm.commons.aop.LoggerAdvice.addBeforeLogger(LoggerAdvice.java:34) - IP : 192.168.71.229
[2019-08-15 15:09:29:532]  [hmmzhtx_eureka_client,fc31036cf2045128,f84137cbfcc22d63,fc31036cf2045128,true] [INFO] - com.myylm.commons.aop.LoggerAdvice.addBeforeLogger(LoggerAdvice.java:35) - CLASS_METHOD : com.myylm.Controller.HelloController.HelloWordController
[2019-08-15 15:09:29:566]  [hmmzhtx_eureka_client,fc31036cf2045128,f84137cbfcc22d63,fc31036cf2045128,true] [INFO] - com.myylm.commons.aop.LoggerAdvice.addBeforeLogger(LoggerAdvice.java:36) - ARGS : 传入参数[{}] java.lang.String@13d9107[value={单,纯,的,消,费,者},hash=1678219626]  
[2019-08-15 15:09:29:588]  [hmmzhtx_eureka_client,fc31036cf2045128,f84137cbfcc22d63,fc31036cf2045128,true] [INFO] - com.myylm.Controller.HelloController.HelloWordController(HelloController.java:29) - client1....
[2019-08-15 15:09:29:595]  [hmmzhtx_eureka_client,fc31036cf2045128,f84137cbfcc22d63,fc31036cf2045128,true] [INFO] - com.myylm.commons.aop.LoggerAdvice.addAfterReturningLogger(LoggerAdvice.java:42) - 执行 client_Hello 结束
[2019-08-15 15:09:30:967]  [hmmzhtx_eureka_client,,,,] [INFO] - com.netflix.config.ChainedDynamicProperty$ChainLink.checkAndFlip(ChainedDynamicProperty.java:115) - Flipping property: peer1.ribbon.ActiveConnectionsLimit to use NEXT property: niws.loadbalancer.availabilityFilteringRule.activeConnectionsLimit = 2147483647
[2019-08-15 15:09:31:007]  [hmmzhtx_eureka_client,,,,] [INFO] - com.netflix.util.concurrent.ShutdownEnabledTimer.<init>(ShutdownEnabledTimer.java:58) - Shutdown hook installed for: NFLoadBalancer-PingTimer-peer1
[2019-08-15 15:09:31:044]  [hmmzhtx_eureka_client,,,,] [INFO] - com.netflix.loadbalancer.BaseLoadBalancer.initWithConfig(BaseLoadBalancer.java:192) - Client: peer1 instantiated a LoadBalancer: DynamicServerListLoadBalancer:{NFLoadBalancer:name=peer1,current list of Servers=[],Load balancer stats=Zone stats: {},Server stats: []}ServerList:null
[2019-08-15 15:09:31:054]  [hmmzhtx_eureka_client,,,,] [INFO] - com.netflix.loadbalancer.DynamicServerListLoadBalancer.enableAndInitLearnNewServersFeature(DynamicServerListLoadBalancer.java:222) - Using serverListUpdater PollingServerListUpdater
[2019-08-15 15:09:31:061]  [hmmzhtx_eureka_client,,,,] [INFO] - com.netflix.loadbalancer.DynamicServerListLoadBalancer.restOfInit(DynamicServerListLoadBalancer.java:150) - DynamicServerListLoadBalancer for client peer1 initialized: DynamicServerListLoadBalancer:{NFLoadBalancer:name=peer1,current list of Servers=[],Load balancer stats=Zone stats: {},Server stats: []}ServerList:org.springframework.cloud.netflix.ribbon.eureka.DomainExtractingServerList@18b9a58
[2019-08-15 15:11:11:176]  [hmmzhtx_eureka_client,a111dc5750a49a71,12967d31ffab7ebb,a111dc5750a49a71,true] [INFO] - com.myylm.commons.aop.LoggerAdvice.addBeforeLogger(LoggerAdvice.java:26) - 执行 client_Hello 开始
[2019-08-15 15:11:11:177]  [hmmzhtx_eureka_client,a111dc5750a49a71,12967d31ffab7ebb,a111dc5750a49a71,true] [INFO] - com.myylm.commons.aop.LoggerAdvice.addBeforeLogger(LoggerAdvice.java:32) - URL : http://SH-NC-0025.zzss.local:2001/helloSay
[2019-08-15 15:11:11:177]  [hmmzhtx_eureka_client,a111dc5750a49a71,12967d31ffab7ebb,a111dc5750a49a71,true] [INFO] - com.myylm.commons.aop.LoggerAdvice.addBeforeLogger(LoggerAdvice.java:33) - HTTP_METHOD : GET
[2019-08-15 15:11:11:178]  [hmmzhtx_eureka_client,a111dc5750a49a71,12967d31ffab7ebb,a111dc5750a49a71,true] [INFO] - com.myylm.commons.aop.LoggerAdvice.addBeforeLogger(LoggerAdvice.java:34) - IP : 192.168.71.229
[2019-08-15 15:11:11:178]  [hmmzhtx_eureka_client,a111dc5750a49a71,12967d31ffab7ebb,a111dc5750a49a71,true] [INFO] - com.myylm.commons.aop.LoggerAdvice.addBeforeLogger(LoggerAdvice.java:35) - CLASS_METHOD : com.myylm.Controller.HelloController.HelloWordController
[2019-08-15 15:11:11:179]  [hmmzhtx_eureka_client,a111dc5750a49a71,12967d31ffab7ebb,a111dc5750a49a71,true] [INFO] - com.myylm.commons.aop.LoggerAdvice.addBeforeLogger(LoggerAdvice.java:36) - ARGS : 传入参数[{}] java.lang.String@1f8426e[value={单,纯,的,消,费,者},hash=1678219626]  
[2019-08-15 15:11:11:179]  [hmmzhtx_eureka_client,a111dc5750a49a71,12967d31ffab7ebb,a111dc5750a49a71,true] [INFO] - com.myylm.Controller.HelloController.HelloWordController(HelloController.java:29) - client1....
[2019-08-15 15:11:11:180]  [hmmzhtx_eureka_client,a111dc5750a49a71,12967d31ffab7ebb,a111dc5750a49a71,true] [INFO] - com.myylm.commons.aop.LoggerAdvice.addAfterReturningLogger(LoggerAdvice.java:42) - 执行 client_Hello 结束
[2019-08-15 15:11:12:874]  [hmmzhtx_eureka_client,f95f15810e18e73b,f3b79cffb45f3975,f95f15810e18e73b,true] [INFO] - com.myylm.commons.aop.LoggerAdvice.addBeforeLogger(LoggerAdvice.java:26) - 执行 client_Hello 开始
[2019-08-15 15:11:12:875]  [hmmzhtx_eureka_client,f95f15810e18e73b,f3b79cffb45f3975,f95f15810e18e73b,true] [INFO] - com.myylm.commons.aop.LoggerAdvice.addBeforeLogger(LoggerAdvice.java:32) - URL : http://SH-NC-0025.zzss.local:2001/helloSay
[2019-08-15 15:11:12:877]  [hmmzhtx_eureka_client,f95f15810e18e73b,f3b79cffb45f3975,f95f15810e18e73b,true] [INFO] - com.myylm.commons.aop.LoggerAdvice.addBeforeLogger(LoggerAdvice.java:33) - HTTP_METHOD : GET
[2019-08-15 15:11:12:878]  [hmmzhtx_eureka_client,f95f15810e18e73b,f3b79cffb45f3975,f95f15810e18e73b,true] [INFO] - com.myylm.commons.aop.LoggerAdvice.addBeforeLogger(LoggerAdvice.java:34) - IP : 192.168.71.229
[2019-08-15 15:11:12:880]  [hmmzhtx_eureka_client,f95f15810e18e73b,f3b79cffb45f3975,f95f15810e18e73b,true] [INFO] - com.myylm.commons.aop.LoggerAdvice.addBeforeLogger(LoggerAdvice.java:35) - CLASS_METHOD : com.myylm.Controller.HelloController.HelloWordController
[2019-08-15 15:11:12:881]  [hmmzhtx_eureka_client,f95f15810e18e73b,f3b79cffb45f3975,f95f15810e18e73b,true] [INFO] - com.myylm.commons.aop.LoggerAdvice.addBeforeLogger(LoggerAdvice.java:36) - ARGS : 传入参数[{}] java.lang.String@1bf9cdf[value={单,纯,的,消,费,者},hash=1678219626]  
[2019-08-15 15:11:12:881]  [hmmzhtx_eureka_client,f95f15810e18e73b,f3b79cffb45f3975,f95f15810e18e73b,true] [INFO] - com.myylm.Controller.HelloController.HelloWordController(HelloController.java:29) - client1....
[2019-08-15 15:11:12:882]  [hmmzhtx_eureka_client,f95f15810e18e73b,f3b79cffb45f3975,f95f15810e18e73b,true] [INFO] - com.myylm.commons.aop.LoggerAdvice.addAfterReturningLogger(LoggerAdvice.java:42) - 执行 client_Hello 结束
[2019-08-15 15:11:13:734]  [hmmzhtx_eureka_client,7f06dc55603e472f,f1fa0564f1755e63,7f06dc55603e472f,true] [INFO] - com.myylm.commons.aop.LoggerAdvice.addBeforeLogger(LoggerAdvice.java:26) - 执行 client_Hello 开始
[2019-08-15 15:11:13:735]  [hmmzhtx_eureka_client,7f06dc55603e472f,f1fa0564f1755e63,7f06dc55603e472f,true] [INFO] - com.myylm.commons.aop.LoggerAdvice.addBeforeLogger(LoggerAdvice.java:32) - URL : http://SH-NC-0025.zzss.local:2001/helloSay
[2019-08-15 15:11:13:736]  [hmmzhtx_eureka_client,7f06dc55603e472f,f1fa0564f1755e63,7f06dc55603e472f,true] [INFO] - com.myylm.commons.aop.LoggerAdvice.addBeforeLogger(LoggerAdvice.java:33) - HTTP_METHOD : GET
[2019-08-15 15:11:13:736]  [hmmzhtx_eureka_client,7f06dc55603e472f,f1fa0564f1755e63,7f06dc55603e472f,true] [INFO] - com.myylm.commons.aop.LoggerAdvice.addBeforeLogger(LoggerAdvice.java:34) - IP : 192.168.71.229
[2019-08-15 15:11:13:737]  [hmmzhtx_eureka_client,7f06dc55603e472f,f1fa0564f1755e63,7f06dc55603e472f,true] [INFO] - com.myylm.commons.aop.LoggerAdvice.addBeforeLogger(LoggerAdvice.java:35) - CLASS_METHOD : com.myylm.Controller.HelloController.HelloWordController
[2019-08-15 15:11:13:737]  [hmmzhtx_eureka_client,7f06dc55603e472f,f1fa0564f1755e63,7f06dc55603e472f,true] [INFO] - com.myylm.commons.aop.LoggerAdvice.addBeforeLogger(LoggerAdvice.java:36) - ARGS : 传入参数[{}] java.lang.String@12c3dca[value={单,纯,的,消,费,者},hash=1678219626]  
[2019-08-15 15:11:13:738]  [hmmzhtx_eureka_client,7f06dc55603e472f,f1fa0564f1755e63,7f06dc55603e472f,true] [INFO] - com.myylm.Controller.HelloController.HelloWordController(HelloController.java:29) - client1....
[2019-08-15 15:11:13:738]  [hmmzhtx_eureka_client,7f06dc55603e472f,f1fa0564f1755e63,7f06dc55603e472f,true] [INFO] - com.myylm.commons.aop.LoggerAdvice.addAfterReturningLogger(LoggerAdvice.java:42) - 执行 client_Hello 结束
[2019-08-15 15:11:14:419]  [hmmzhtx_eureka_client,4baebaac07e7be12,a5a09bd165ff9c60,4baebaac07e7be12,true] [INFO] - com.myylm.commons.aop.LoggerAdvice.addBeforeLogger(LoggerAdvice.java:26) - 执行 client_Hello 开始
[2019-08-15 15:11:14:420]  [hmmzhtx_eureka_client,4baebaac07e7be12,a5a09bd165ff9c60,4baebaac07e7be12,true] [INFO] - com.myylm.commons.aop.LoggerAdvice.addBeforeLogger(LoggerAdvice.java:32) - URL : http://SH-NC-0025.zzss.local:2001/helloSay
[2019-08-15 15:11:14:421]  [hmmzhtx_eureka_client,4baebaac07e7be12,a5a09bd165ff9c60,4baebaac07e7be12,true] [INFO] - com.myylm.commons.aop.LoggerAdvice.addBeforeLogger(LoggerAdvice.java:33) - HTTP_METHOD : GET
[2019-08-15 15:11:14:421]  [hmmzhtx_eureka_client,4baebaac07e7be12,a5a09bd165ff9c60,4baebaac07e7be12,true] [INFO] - com.myylm.commons.aop.LoggerAdvice.addBeforeLogger(LoggerAdvice.java:34) - IP : 192.168.71.229
[2019-08-15 15:11:14:422]  [hmmzhtx_eureka_client,4baebaac07e7be12,a5a09bd165ff9c60,4baebaac07e7be12,true] [INFO] - com.myylm.commons.aop.LoggerAdvice.addBeforeLogger(LoggerAdvice.java:35) - CLASS_METHOD : com.myylm.Controller.HelloController.HelloWordController
[2019-08-15 15:11:14:423]  [hmmzhtx_eureka_client,4baebaac07e7be12,a5a09bd165ff9c60,4baebaac07e7be12,true] [INFO] - com.myylm.commons.aop.LoggerAdvice.addBeforeLogger(LoggerAdvice.java:36) - ARGS : 传入参数[{}] java.lang.String@88dc5d[value={单,纯,的,消,费,者},hash=1678219626]  
[2019-08-15 15:11:14:423]  [hmmzhtx_eureka_client,4baebaac07e7be12,a5a09bd165ff9c60,4baebaac07e7be12,true] [INFO] - com.myylm.Controller.HelloController.HelloWordController(HelloController.java:29) - client1....
[2019-08-15 15:11:14:424]  [hmmzhtx_eureka_client,4baebaac07e7be12,a5a09bd165ff9c60,4baebaac07e7be12,true] [INFO] - com.myylm.commons.aop.LoggerAdvice.addAfterReturningLogger(LoggerAdvice.java:42) - 执行 client_Hello 结束
[2019-08-15 15:11:14:784]  [hmmzhtx_eureka_client,5ac4928401e995de,dd85266849c84d6e,5ac4928401e995de,true] [INFO] - com.myylm.commons.aop.LoggerAdvice.addBeforeLogger(LoggerAdvice.java:26) - 执行 client_Hello 开始
[2019-08-15 15:11:14:785]  [hmmzhtx_eureka_client,5ac4928401e995de,dd85266849c84d6e,5ac4928401e995de,true] [INFO] - com.myylm.commons.aop.LoggerAdvice.addBeforeLogger(LoggerAdvice.java:32) - URL : http://SH-NC-0025.zzss.local:2001/helloSay
[2019-08-15 15:11:14:785]  [hmmzhtx_eureka_client,5ac4928401e995de,dd85266849c84d6e,5ac4928401e995de,true] [INFO] - com.myylm.commons.aop.LoggerAdvice.addBeforeLogger(LoggerAdvice.java:33) - HTTP_METHOD : GET
[2019-08-15 15:11:14:786]  [hmmzhtx_eureka_client,5ac4928401e995de,dd85266849c84d6e,5ac4928401e995de,true] [INFO] - com.myylm.commons.aop.LoggerAdvice.addBeforeLogger(LoggerAdvice.java:34) - IP : 192.168.71.229
[2019-08-15 15:11:14:787]  [hmmzhtx_eureka_client,5ac4928401e995de,dd85266849c84d6e,5ac4928401e995de,true] [INFO] - com.myylm.commons.aop.LoggerAdvice.addBeforeLogger(LoggerAdvice.java:35) - CLASS_METHOD : com.myylm.Controller.HelloController.HelloWordController
[2019-08-15 15:11:14:787]  [hmmzhtx_eureka_client,5ac4928401e995de,dd85266849c84d6e,5ac4928401e995de,true] [INFO] - com.myylm.commons.aop.LoggerAdvice.addBeforeLogger(LoggerAdvice.java:36) - ARGS : 传入参数[{}] java.lang.String@1c1e27[value={单,纯,的,消,费,者},hash=1678219626]  
[2019-08-15 15:11:14:788]  [hmmzhtx_eureka_client,5ac4928401e995de,dd85266849c84d6e,5ac4928401e995de,true] [INFO] - com.myylm.Controller.HelloController.HelloWordController(HelloController.java:29) - client1....
[2019-08-15 15:11:14:788]  [hmmzhtx_eureka_client,5ac4928401e995de,dd85266849c84d6e,5ac4928401e995de,true] [INFO] - com.myylm.commons.aop.LoggerAdvice.addAfterReturningLogger(LoggerAdvice.java:42) - 执行 client_Hello 结束
[2019-08-15 15:11:15:142]  [hmmzhtx_eureka_client,72a3b6df328c6939,11687313d916d05e,72a3b6df328c6939,true] [INFO] - com.myylm.commons.aop.LoggerAdvice.addBeforeLogger(LoggerAdvice.java:26) - 执行 client_Hello 开始
[2019-08-15 15:11:15:142]  [hmmzhtx_eureka_client,72a3b6df328c6939,11687313d916d05e,72a3b6df328c6939,true] [INFO] - com.myylm.commons.aop.LoggerAdvice.addBeforeLogger(LoggerAdvice.java:32) - URL : http://SH-NC-0025.zzss.local:2001/helloSay
[2019-08-15 15:11:15:143]  [hmmzhtx_eureka_client,72a3b6df328c6939,11687313d916d05e,72a3b6df328c6939,true] [INFO] - com.myylm.commons.aop.LoggerAdvice.addBeforeLogger(LoggerAdvice.java:33) - HTTP_METHOD : GET
[2019-08-15 15:11:15:143]  [hmmzhtx_eureka_client,72a3b6df328c6939,11687313d916d05e,72a3b6df328c6939,true] [INFO] - com.myylm.commons.aop.LoggerAdvice.addBeforeLogger(LoggerAdvice.java:34) - IP : 192.168.71.229
[2019-08-15 15:11:15:144]  [hmmzhtx_eureka_client,72a3b6df328c6939,11687313d916d05e,72a3b6df328c6939,true] [INFO] - com.myylm.commons.aop.LoggerAdvice.addBeforeLogger(LoggerAdvice.java:35) - CLASS_METHOD : com.myylm.Controller.HelloController.HelloWordController
[2019-08-15 15:11:15:145]  [hmmzhtx_eureka_client,72a3b6df328c6939,11687313d916d05e,72a3b6df328c6939,true] [INFO] - com.myylm.commons.aop.LoggerAdvice.addBeforeLogger(LoggerAdvice.java:36) - ARGS : 传入参数[{}] java.lang.String@1ddb7a4[value={单,纯,的,消,费,者},hash=1678219626]  
[2019-08-15 15:11:15:146]  [hmmzhtx_eureka_client,72a3b6df328c6939,11687313d916d05e,72a3b6df328c6939,true] [INFO] - com.myylm.Controller.HelloController.HelloWordController(HelloController.java:29) - client1....
[2019-08-15 15:11:15:146]  [hmmzhtx_eureka_client,72a3b6df328c6939,11687313d916d05e,72a3b6df328c6939,true] [INFO] - com.myylm.commons.aop.LoggerAdvice.addAfterReturningLogger(LoggerAdvice.java:42) - 执行 client_Hello 结束
[2019-08-15 15:11:15:632]  [hmmzhtx_eureka_client,2ff96755fea98b1a,d2ade275c88fea8b,2ff96755fea98b1a,true] [INFO] - com.myylm.commons.aop.LoggerAdvice.addBeforeLogger(LoggerAdvice.java:26) - 执行 client_Hello 开始
[2019-08-15 15:11:15:633]  [hmmzhtx_eureka_client,2ff96755fea98b1a,d2ade275c88fea8b,2ff96755fea98b1a,true] [INFO] - com.myylm.commons.aop.LoggerAdvice.addBeforeLogger(LoggerAdvice.java:32) - URL : http://SH-NC-0025.zzss.local:2001/helloSay
[2019-08-15 15:11:15:634]  [hmmzhtx_eureka_client,2ff96755fea98b1a,d2ade275c88fea8b,2ff96755fea98b1a,true] [INFO] - com.myylm.commons.aop.LoggerAdvice.addBeforeLogger(LoggerAdvice.java:33) - HTTP_METHOD : GET
[2019-08-15 15:11:15:634]  [hmmzhtx_eureka_client,2ff96755fea98b1a,d2ade275c88fea8b,2ff96755fea98b1a,true] [INFO] - com.myylm.commons.aop.LoggerAdvice.addBeforeLogger(LoggerAdvice.java:34) - IP : 192.168.71.229
[2019-08-15 15:11:15:635]  [hmmzhtx_eureka_client,2ff96755fea98b1a,d2ade275c88fea8b,2ff96755fea98b1a,true] [INFO] - com.myylm.commons.aop.LoggerAdvice.addBeforeLogger(LoggerAdvice.java:35) - CLASS_METHOD : com.myylm.Controller.HelloController.HelloWordController
[2019-08-15 15:11:15:636]  [hmmzhtx_eureka_client,2ff96755fea98b1a,d2ade275c88fea8b,2ff96755fea98b1a,true] [INFO] - com.myylm.commons.aop.LoggerAdvice.addBeforeLogger(LoggerAdvice.java:36) - ARGS : 传入参数[{}] java.lang.String@b4f7c8[value={单,纯,的,消,费,者},hash=1678219626]  
[2019-08-15 15:11:15:637]  [hmmzhtx_eureka_client,2ff96755fea98b1a,d2ade275c88fea8b,2ff96755fea98b1a,true] [INFO] - com.myylm.Controller.HelloController.HelloWordController(HelloController.java:29) - client1....
[2019-08-15 15:11:15:638]  [hmmzhtx_eureka_client,2ff96755fea98b1a,d2ade275c88fea8b,2ff96755fea98b1a,true] [INFO] - com.myylm.commons.aop.LoggerAdvice.addAfterReturningLogger(LoggerAdvice.java:42) - 执行 client_Hello 结束
[2019-08-15 15:11:17:862]  [hmmzhtx_eureka_client,489581af86005feb,eb028f293fe32462,489581af86005feb,true] [INFO] - com.myylm.commons.aop.LoggerAdvice.addBeforeLogger(LoggerAdvice.java:26) - 执行 client_Hello 开始
[2019-08-15 15:11:17:863]  [hmmzhtx_eureka_client,489581af86005feb,eb028f293fe32462,489581af86005feb,true] [INFO] - com.myylm.commons.aop.LoggerAdvice.addBeforeLogger(LoggerAdvice.java:32) - URL : http://SH-NC-0025.zzss.local:2001/helloSay
[2019-08-15 15:11:17:864]  [hmmzhtx_eureka_client,489581af86005feb,eb028f293fe32462,489581af86005feb,true] [INFO] - com.myylm.commons.aop.LoggerAdvice.addBeforeLogger(LoggerAdvice.java:33) - HTTP_METHOD : GET
[2019-08-15 15:11:17:865]  [hmmzhtx_eureka_client,489581af86005feb,eb028f293fe32462,489581af86005feb,true] [INFO] - com.myylm.commons.aop.LoggerAdvice.addBeforeLogger(LoggerAdvice.java:34) - IP : 192.168.71.229
[2019-08-15 15:11:17:865]  [hmmzhtx_eureka_client,489581af86005feb,eb028f293fe32462,489581af86005feb,true] [INFO] - com.myylm.commons.aop.LoggerAdvice.addBeforeLogger(LoggerAdvice.java:35) - CLASS_METHOD : com.myylm.Controller.HelloController.HelloWordController
[2019-08-15 15:11:17:866]  [hmmzhtx_eureka_client,489581af86005feb,eb028f293fe32462,489581af86005feb,true] [INFO] - com.myylm.commons.aop.LoggerAdvice.addBeforeLogger(LoggerAdvice.java:36) - ARGS : 传入参数[{}] java.lang.String@1469287[value={单,纯,的,消,费,者},hash=1678219626]  
[2019-08-15 15:11:17:867]  [hmmzhtx_eureka_client,489581af86005feb,eb028f293fe32462,489581af86005feb,true] [INFO] - com.myylm.Controller.HelloController.HelloWordController(HelloController.java:29) - client1....
[2019-08-15 15:11:17:867]  [hmmzhtx_eureka_client,489581af86005feb,eb028f293fe32462,489581af86005feb,true] [INFO] - com.myylm.commons.aop.LoggerAdvice.addAfterReturningLogger(LoggerAdvice.java:42) - 执行 client_Hello 结束
[2019-08-15 15:11:20:884]  [hmmzhtx_eureka_client,c36f79ee987e0212,a45cbe176ff436f5,c36f79ee987e0212,true] [INFO] - com.myylm.commons.aop.LoggerAdvice.addBeforeLogger(LoggerAdvice.java:26) - 执行 client_Hello 开始
[2019-08-15 15:11:20:885]  [hmmzhtx_eureka_client,c36f79ee987e0212,a45cbe176ff436f5,c36f79ee987e0212,true] [INFO] - com.myylm.commons.aop.LoggerAdvice.addBeforeLogger(LoggerAdvice.java:32) - URL : http://SH-NC-0025.zzss.local:2001/helloSay
[2019-08-15 15:11:20:885]  [hmmzhtx_eureka_client,c36f79ee987e0212,a45cbe176ff436f5,c36f79ee987e0212,true] [INFO] - com.myylm.commons.aop.LoggerAdvice.addBeforeLogger(LoggerAdvice.java:33) - HTTP_METHOD : GET
[2019-08-15 15:11:20:886]  [hmmzhtx_eureka_client,c36f79ee987e0212,a45cbe176ff436f5,c36f79ee987e0212,true] [INFO] - com.myylm.commons.aop.LoggerAdvice.addBeforeLogger(LoggerAdvice.java:34) - IP : 192.168.71.229
[2019-08-15 15:11:20:887]  [hmmzhtx_eureka_client,c36f79ee987e0212,a45cbe176ff436f5,c36f79ee987e0212,true] [INFO] - com.myylm.commons.aop.LoggerAdvice.addBeforeLogger(LoggerAdvice.java:35) - CLASS_METHOD : com.myylm.Controller.HelloController.HelloWordController
[2019-08-15 15:11:20:887]  [hmmzhtx_eureka_client,c36f79ee987e0212,a45cbe176ff436f5,c36f79ee987e0212,true] [INFO] - com.myylm.commons.aop.LoggerAdvice.addBeforeLogger(LoggerAdvice.java:36) - ARGS : 传入参数[{}] java.lang.String@1787492[value={单,纯,的,消,费,者},hash=1678219626]  
[2019-08-15 15:11:20:888]  [hmmzhtx_eureka_client,c36f79ee987e0212,a45cbe176ff436f5,c36f79ee987e0212,true] [INFO] - com.myylm.Controller.HelloController.HelloWordController(HelloController.java:29) - client1....
[2019-08-15 15:11:20:888]  [hmmzhtx_eureka_client,c36f79ee987e0212,a45cbe176ff436f5,c36f79ee987e0212,true] [INFO] - com.myylm.commons.aop.LoggerAdvice.addAfterReturningLogger(LoggerAdvice.java:42) - 执行 client_Hello 结束
[2019-08-15 15:11:21:363]  [hmmzhtx_eureka_client,2a69d9e6fbd4238b,6f845511c9df6478,2a69d9e6fbd4238b,true] [INFO] - com.myylm.commons.aop.LoggerAdvice.addBeforeLogger(LoggerAdvice.java:26) - 执行 client_Hello 开始
[2019-08-15 15:11:21:364]  [hmmzhtx_eureka_client,2a69d9e6fbd4238b,6f845511c9df6478,2a69d9e6fbd4238b,true] [INFO] - com.myylm.commons.aop.LoggerAdvice.addBeforeLogger(LoggerAdvice.java:32) - URL : http://SH-NC-0025.zzss.local:2001/helloSay
[2019-08-15 15:11:21:365]  [hmmzhtx_eureka_client,2a69d9e6fbd4238b,6f845511c9df6478,2a69d9e6fbd4238b,true] [INFO] - com.myylm.commons.aop.LoggerAdvice.addBeforeLogger(LoggerAdvice.java:33) - HTTP_METHOD : GET
[2019-08-15 15:11:21:366]  [hmmzhtx_eureka_client,2a69d9e6fbd4238b,6f845511c9df6478,2a69d9e6fbd4238b,true] [INFO] - com.myylm.commons.aop.LoggerAdvice.addBeforeLogger(LoggerAdvice.java:34) - IP : 192.168.71.229
[2019-08-15 15:11:21:366]  [hmmzhtx_eureka_client,2a69d9e6fbd4238b,6f845511c9df6478,2a69d9e6fbd4238b,true] [INFO] - com.myylm.commons.aop.LoggerAdvice.addBeforeLogger(LoggerAdvice.java:35) - CLASS_METHOD : com.myylm.Controller.HelloController.HelloWordController
[2019-08-15 15:11:21:367]  [hmmzhtx_eureka_client,2a69d9e6fbd4238b,6f845511c9df6478,2a69d9e6fbd4238b,true] [INFO] - com.myylm.commons.aop.LoggerAdvice.addBeforeLogger(LoggerAdvice.java:36) - ARGS : 传入参数[{}] java.lang.String@e2e3b3[value={单,纯,的,消,费,者},hash=1678219626]  
[2019-08-15 15:11:21:367]  [hmmzhtx_eureka_client,2a69d9e6fbd4238b,6f845511c9df6478,2a69d9e6fbd4238b,true] [INFO] - com.myylm.Controller.HelloController.HelloWordController(HelloController.java:29) - client1....
[2019-08-15 15:11:21:368]  [hmmzhtx_eureka_client,2a69d9e6fbd4238b,6f845511c9df6478,2a69d9e6fbd4238b,true] [INFO] - com.myylm.commons.aop.LoggerAdvice.addAfterReturningLogger(LoggerAdvice.java:42) - 执行 client_Hello 结束
[2019-08-15 15:13:54:618]  [hmmzhtx_eureka_client,,,,] [INFO] - com.netflix.discovery.shared.resolver.aws.ConfigClusterResolver.getClusterEndpoints(ConfigClusterResolver.java:43) - Resolving eureka endpoints via configuration
[2019-08-15 15:18:54:623]  [hmmzhtx_eureka_client,,,,] [INFO] - com.netflix.discovery.shared.resolver.aws.ConfigClusterResolver.getClusterEndpoints(ConfigClusterResolver.java:43) - Resolving eureka endpoints via configuration
[2019-08-15 15:23:54:626]  [hmmzhtx_eureka_client,,,,] [INFO] - com.netflix.discovery.shared.resolver.aws.ConfigClusterResolver.getClusterEndpoints(ConfigClusterResolver.java:43) - Resolving eureka endpoints via configuration
[2019-08-15 15:45:09:334]  [hmmzhtx_eureka_client,,,,] [INFO] - org.springframework.boot.SpringApplication.logStartupProfileInfo(SpringApplication.java:656) - The following profiles are active: client1
[2019-08-15 15:45:13:120]  [hmmzhtx_eureka_client,,,,] [INFO] - org.apache.juli.logging.DirectJDKLog.log(DirectJDKLog.java:180) - Initializing ProtocolHandler ["http-nio-2001"]
[2019-08-15 15:45:13:138]  [hmmzhtx_eureka_client,,,,] [INFO] - org.apache.juli.logging.DirectJDKLog.log(DirectJDKLog.java:180) - Starting service [Tomcat]
[2019-08-15 15:45:13:140]  [hmmzhtx_eureka_client,,,,] [INFO] - org.apache.juli.logging.DirectJDKLog.log(DirectJDKLog.java:180) - Starting Servlet Engine: Apache Tomcat/8.5.28
[2019-08-15 15:45:13:146]  [hmmzhtx_eureka_client,,,,] [INFO] - org.apache.juli.logging.DirectJDKLog.log(DirectJDKLog.java:180) - The APR based Apache Tomcat Native library which allows optimal performance in production environments was not found on the java.library.path: [C:\Program Files (x86)\Java\jdk1.8.0_131\bin;C:\Windows\Sun\Java\bin;C:\Windows\system32;C:\Windows;C:\ProgramData\Oracle\Java\javapath;C:\Windows\system32;C:\Windows;C:\Windows\System32\Wbem;C:\Windows\System32\WindowsPowerShell\v1.0\;C:\Program Files\TortoiseSVN\bin;"C:\Program Files (x86)\Java\jdk1.8.0_131\bin;C:\Program Files (x86)\Java\jdk1.8.0_131\jre\bin;";C:\Program Files\Git\cmd;C:\Program Files\PuTTY\;C:\Program ming\Anaconda3;C:\Program ming\Anaconda3\Library\mingw-w64\bin;C:\Program ming\Anaconda3\Library\usr\bin;C:\Program ming\Anaconda3\Library\bin;C:\Program ming\Anaconda3\Scripts;C:\Users\huangmingming\AppData\Local\Microsoft\WindowsApps;C:\Program Files (x86)\SSH Communications Security\SSH Secure Shell;C:\Users\huangmingming\AppData\Local\GitHubDesktop\bin;C:\Python27;C:\Python27\Scripts\scrapy.exe;C:\Program ming\zookeeper-3.4.12\bin;C:\Program ming\Microsoft VS Code\bin;.]
[2019-08-15 15:45:13:345]  [hmmzhtx_eureka_client,,,,] [INFO] - org.apache.juli.logging.DirectJDKLog.log(DirectJDKLog.java:180) - Initializing Spring embedded WebApplicationContext
[2019-08-15 15:45:15:576]  [hmmzhtx_eureka_client,,,,] [WARN] - com.netflix.config.sources.URLConfigurationSource.<init>(URLConfigurationSource.java:121) - No URLs will be polled as dynamic configuration sources.
[2019-08-15 15:45:15:577]  [hmmzhtx_eureka_client,,,,] [INFO] - com.netflix.config.sources.URLConfigurationSource.<init>(URLConfigurationSource.java:122) - To enable URLs as dynamic configuration sources, define System property archaius.configurationSource.additionalUrls or make config.properties available on classpath.
[2019-08-15 15:45:15:583]  [hmmzhtx_eureka_client,,,,] [WARN] - com.netflix.config.sources.URLConfigurationSource.<init>(URLConfigurationSource.java:121) - No URLs will be polled as dynamic configuration sources.
[2019-08-15 15:45:15:583]  [hmmzhtx_eureka_client,,,,] [INFO] - com.netflix.config.sources.URLConfigurationSource.<init>(URLConfigurationSource.java:122) - To enable URLs as dynamic configuration sources, define System property archaius.configurationSource.additionalUrls or make config.properties available on classpath.
[2019-08-15 15:45:19:964]  [hmmzhtx_eureka_client,,,,] [INFO] - com.netflix.discovery.DiscoveryClient.<init>(DiscoveryClient.java:349) - Initializing Eureka in region us-east-1
[2019-08-15 15:45:20:265]  [hmmzhtx_eureka_client,,,,] [INFO] - com.netflix.discovery.provider.DiscoveryJerseyProvider.<init>(DiscoveryJerseyProvider.java:70) - Using JSON encoding codec LegacyJacksonJson
[2019-08-15 15:45:20:266]  [hmmzhtx_eureka_client,,,,] [INFO] - com.netflix.discovery.provider.DiscoveryJerseyProvider.<init>(DiscoveryJerseyProvider.java:71) - Using JSON decoding codec LegacyJacksonJson
[2019-08-15 15:45:20:395]  [hmmzhtx_eureka_client,,,,] [INFO] - com.netflix.discovery.provider.DiscoveryJerseyProvider.<init>(DiscoveryJerseyProvider.java:80) - Using XML encoding codec XStreamXml
[2019-08-15 15:45:20:396]  [hmmzhtx_eureka_client,,,,] [INFO] - com.netflix.discovery.provider.DiscoveryJerseyProvider.<init>(DiscoveryJerseyProvider.java:81) - Using XML decoding codec XStreamXml
[2019-08-15 15:45:20:633]  [hmmzhtx_eureka_client,,,,] [INFO] - com.netflix.discovery.shared.resolver.aws.ConfigClusterResolver.getClusterEndpoints(ConfigClusterResolver.java:43) - Resolving eureka endpoints via configuration
[2019-08-15 15:45:20:761]  [hmmzhtx_eureka_client,,,,] [INFO] - com.netflix.discovery.DiscoveryClient.fetchRegistry(DiscoveryClient.java:958) - Disable delta property : false
[2019-08-15 15:45:20:761]  [hmmzhtx_eureka_client,,,,] [INFO] - com.netflix.discovery.DiscoveryClient.fetchRegistry(DiscoveryClient.java:959) - Single vip registry refresh property : null
[2019-08-15 15:45:20:762]  [hmmzhtx_eureka_client,,,,] [INFO] - com.netflix.discovery.DiscoveryClient.fetchRegistry(DiscoveryClient.java:960) - Force full registry fetch : false
[2019-08-15 15:45:20:762]  [hmmzhtx_eureka_client,,,,] [INFO] - com.netflix.discovery.DiscoveryClient.fetchRegistry(DiscoveryClient.java:961) - Application is null : false
[2019-08-15 15:45:20:763]  [hmmzhtx_eureka_client,,,,] [INFO] - com.netflix.discovery.DiscoveryClient.fetchRegistry(DiscoveryClient.java:962) - Registered Applications size is zero : true
[2019-08-15 15:45:20:763]  [hmmzhtx_eureka_client,,,,] [INFO] - com.netflix.discovery.DiscoveryClient.fetchRegistry(DiscoveryClient.java:964) - Application version is -1: true
[2019-08-15 15:45:20:763]  [hmmzhtx_eureka_client,,,,] [INFO] - com.netflix.discovery.DiscoveryClient.getAndStoreFullRegistry(DiscoveryClient.java:1047) - Getting all instance registry info from the eureka server
[2019-08-15 15:45:21:051]  [hmmzhtx_eureka_client,,,,] [INFO] - com.netflix.discovery.DiscoveryClient.getAndStoreFullRegistry(DiscoveryClient.java:1056) - The response status is 200
[2019-08-15 15:45:21:054]  [hmmzhtx_eureka_client,,,,] [INFO] - com.netflix.discovery.DiscoveryClient.initScheduledTasks(DiscoveryClient.java:1264) - Starting heartbeat executor: renew interval is: 30
[2019-08-15 15:45:21:057]  [hmmzhtx_eureka_client,,,,] [INFO] - com.netflix.discovery.InstanceInfoReplicator.<init>(InstanceInfoReplicator.java:60) - InstanceInfoReplicator onDemand update allowed rate per min is 4
[2019-08-15 15:45:21:062]  [hmmzhtx_eureka_client,,,,] [INFO] - com.netflix.discovery.DiscoveryClient.<init>(DiscoveryClient.java:449) - Discovery Client initialized at timestamp 1565855121061 with initial instances count: 0
[2019-08-15 15:45:21:084]  [hmmzhtx_eureka_client,,,,] [INFO] - com.netflix.discovery.DiscoveryClient$3.notify(DiscoveryClient.java:1299) - Saw local status change event StatusChangeEvent [timestamp=1565855121084, current=UP, previous=STARTING]
[2019-08-15 15:45:21:085]  [hmmzhtx_eureka_client,,,,] [INFO] - com.netflix.discovery.DiscoveryClient.register(DiscoveryClient.java:826) - DiscoveryClient_EUREKA-CLIENT/SH-NC-0025.zzss.local:eureka-client:2001: registering service...
[2019-08-15 15:45:21:129]  [hmmzhtx_eureka_client,,,,] [INFO] - org.apache.juli.logging.DirectJDKLog.log(DirectJDKLog.java:180) - Starting ProtocolHandler ["http-nio-2001"]
[2019-08-15 15:45:21:146]  [hmmzhtx_eureka_client,,,,] [INFO] - org.apache.juli.logging.DirectJDKLog.log(DirectJDKLog.java:180) - Using a shared selector for servlet write/read
[2019-08-15 15:45:21:191]  [hmmzhtx_eureka_client,,,,] [INFO] - org.springframework.boot.StartupInfoLogger.logStarted(StartupInfoLogger.java:59) - Started EurekaClientApplication in 13.911 seconds (JVM running for 15.554)
[2019-08-15 15:45:21:216]  [hmmzhtx_eureka_client,,,,] [INFO] - com.netflix.discovery.DiscoveryClient.register(DiscoveryClient.java:835) - DiscoveryClient_EUREKA-CLIENT/SH-NC-0025.zzss.local:eureka-client:2001 - registration status: 204
[2019-08-15 15:45:51:054]  [hmmzhtx_eureka_client,,,,] [INFO] - com.netflix.discovery.DiscoveryClient.fetchRegistry(DiscoveryClient.java:958) - Disable delta property : false
[2019-08-15 15:45:51:055]  [hmmzhtx_eureka_client,,,,] [INFO] - com.netflix.discovery.DiscoveryClient.fetchRegistry(DiscoveryClient.java:959) - Single vip registry refresh property : null
[2019-08-15 15:45:51:055]  [hmmzhtx_eureka_client,,,,] [INFO] - com.netflix.discovery.DiscoveryClient.fetchRegistry(DiscoveryClient.java:960) - Force full registry fetch : false
[2019-08-15 15:45:51:055]  [hmmzhtx_eureka_client,,,,] [INFO] - com.netflix.discovery.DiscoveryClient.fetchRegistry(DiscoveryClient.java:961) - Application is null : false
[2019-08-15 15:45:51:055]  [hmmzhtx_eureka_client,,,,] [INFO] - com.netflix.discovery.DiscoveryClient.fetchRegistry(DiscoveryClient.java:962) - Registered Applications size is zero : true
[2019-08-15 15:45:51:056]  [hmmzhtx_eureka_client,,,,] [INFO] - com.netflix.discovery.DiscoveryClient.fetchRegistry(DiscoveryClient.java:964) - Application version is -1: false
[2019-08-15 15:45:51:056]  [hmmzhtx_eureka_client,,,,] [INFO] - com.netflix.discovery.DiscoveryClient.getAndStoreFullRegistry(DiscoveryClient.java:1047) - Getting all instance registry info from the eureka server
[2019-08-15 15:45:51:111]  [hmmzhtx_eureka_client,,,,] [INFO] - com.netflix.discovery.DiscoveryClient.getAndStoreFullRegistry(DiscoveryClient.java:1056) - The response status is 200
[2019-08-15 15:47:59:170]  [hmmzhtx_eureka_client,,,,] [INFO] - org.apache.juli.logging.DirectJDKLog.log(DirectJDKLog.java:180) - Initializing Spring FrameworkServlet 'dispatcherServlet'
[2019-08-15 15:47:59:305]  [hmmzhtx_eureka_client,2d1a5751d2efaac3,ed5fdbb1b2aaf4da,2d1a5751d2efaac3,true] [INFO] - com.myylm.commons.aop.LoggerAdvice.addBeforeLogger(LoggerAdvice.java:26) - 执行 client_Hello 开始
[2019-08-15 15:47:59:307]  [hmmzhtx_eureka_client,2d1a5751d2efaac3,ed5fdbb1b2aaf4da,2d1a5751d2efaac3,true] [INFO] - com.myylm.commons.aop.LoggerAdvice.addBeforeLogger(LoggerAdvice.java:32) - URL : http://SH-NC-0025.zzss.local:2001/helloSay
[2019-08-15 15:47:59:307]  [hmmzhtx_eureka_client,2d1a5751d2efaac3,ed5fdbb1b2aaf4da,2d1a5751d2efaac3,true] [INFO] - com.myylm.commons.aop.LoggerAdvice.addBeforeLogger(LoggerAdvice.java:33) - HTTP_METHOD : GET
[2019-08-15 15:47:59:308]  [hmmzhtx_eureka_client,2d1a5751d2efaac3,ed5fdbb1b2aaf4da,2d1a5751d2efaac3,true] [INFO] - com.myylm.commons.aop.LoggerAdvice.addBeforeLogger(LoggerAdvice.java:34) - IP : 192.168.71.229
[2019-08-15 15:47:59:310]  [hmmzhtx_eureka_client,2d1a5751d2efaac3,ed5fdbb1b2aaf4da,2d1a5751d2efaac3,true] [INFO] - com.myylm.commons.aop.LoggerAdvice.addBeforeLogger(LoggerAdvice.java:35) - CLASS_METHOD : com.myylm.Controller.HelloController.HelloWordController
[2019-08-15 15:47:59:325]  [hmmzhtx_eureka_client,2d1a5751d2efaac3,ed5fdbb1b2aaf4da,2d1a5751d2efaac3,true] [INFO] - com.myylm.commons.aop.LoggerAdvice.addBeforeLogger(LoggerAdvice.java:36) - ARGS : 传入参数[{}] java.lang.String@b4a5c8[value={单,纯,的,消,费,者},hash=1678219626]  
[2019-08-15 15:47:59:337]  [hmmzhtx_eureka_client,2d1a5751d2efaac3,ed5fdbb1b2aaf4da,2d1a5751d2efaac3,true] [INFO] - com.myylm.Controller.HelloController.HelloWordController(HelloController.java:29) - client1....
[2019-08-15 15:47:59:338]  [hmmzhtx_eureka_client,2d1a5751d2efaac3,ed5fdbb1b2aaf4da,2d1a5751d2efaac3,true] [INFO] - com.myylm.commons.aop.LoggerAdvice.addAfterReturningLogger(LoggerAdvice.java:42) - 执行 client_Hello 结束
[2019-08-15 15:48:00:089]  [hmmzhtx_eureka_client,b20664655c590a0a,75357c191f68cd68,b20664655c590a0a,true] [INFO] - com.myylm.commons.aop.LoggerAdvice.addBeforeLogger(LoggerAdvice.java:26) - 执行 client_Hello 开始
[2019-08-15 15:48:00:090]  [hmmzhtx_eureka_client,b20664655c590a0a,75357c191f68cd68,b20664655c590a0a,true] [INFO] - com.myylm.commons.aop.LoggerAdvice.addBeforeLogger(LoggerAdvice.java:32) - URL : http://SH-NC-0025.zzss.local:2001/helloSay
[2019-08-15 15:48:00:091]  [hmmzhtx_eureka_client,b20664655c590a0a,75357c191f68cd68,b20664655c590a0a,true] [INFO] - com.myylm.commons.aop.LoggerAdvice.addBeforeLogger(LoggerAdvice.java:33) - HTTP_METHOD : GET
[2019-08-15 15:48:00:092]  [hmmzhtx_eureka_client,b20664655c590a0a,75357c191f68cd68,b20664655c590a0a,true] [INFO] - com.myylm.commons.aop.LoggerAdvice.addBeforeLogger(LoggerAdvice.java:34) - IP : 192.168.71.229
[2019-08-15 15:48:00:092]  [hmmzhtx_eureka_client,b20664655c590a0a,75357c191f68cd68,b20664655c590a0a,true] [INFO] - com.myylm.commons.aop.LoggerAdvice.addBeforeLogger(LoggerAdvice.java:35) - CLASS_METHOD : com.myylm.Controller.HelloController.HelloWordController
[2019-08-15 15:48:00:093]  [hmmzhtx_eureka_client,b20664655c590a0a,75357c191f68cd68,b20664655c590a0a,true] [INFO] - com.myylm.commons.aop.LoggerAdvice.addBeforeLogger(LoggerAdvice.java:36) - ARGS : 传入参数[{}] java.lang.String@4a1ca0[value={单,纯,的,消,费,者},hash=1678219626]  
[2019-08-15 15:48:00:094]  [hmmzhtx_eureka_client,b20664655c590a0a,75357c191f68cd68,b20664655c590a0a,true] [INFO] - com.myylm.Controller.HelloController.HelloWordController(HelloController.java:29) - client1....
[2019-08-15 15:48:00:095]  [hmmzhtx_eureka_client,b20664655c590a0a,75357c191f68cd68,b20664655c590a0a,true] [INFO] - com.myylm.commons.aop.LoggerAdvice.addAfterReturningLogger(LoggerAdvice.java:42) - 执行 client_Hello 结束
[2019-08-15 15:48:00:873]  [hmmzhtx_eureka_client,afa544173f9e700c,80f880ae6ee71166,afa544173f9e700c,true] [INFO] - com.myylm.commons.aop.LoggerAdvice.addBeforeLogger(LoggerAdvice.java:26) - 执行 client_Hello 开始
[2019-08-15 15:48:00:874]  [hmmzhtx_eureka_client,afa544173f9e700c,80f880ae6ee71166,afa544173f9e700c,true] [INFO] - com.myylm.commons.aop.LoggerAdvice.addBeforeLogger(LoggerAdvice.java:32) - URL : http://SH-NC-0025.zzss.local:2001/helloSay
[2019-08-15 15:48:00:875]  [hmmzhtx_eureka_client,afa544173f9e700c,80f880ae6ee71166,afa544173f9e700c,true] [INFO] - com.myylm.commons.aop.LoggerAdvice.addBeforeLogger(LoggerAdvice.java:33) - HTTP_METHOD : GET
[2019-08-15 15:48:00:876]  [hmmzhtx_eureka_client,afa544173f9e700c,80f880ae6ee71166,afa544173f9e700c,true] [INFO] - com.myylm.commons.aop.LoggerAdvice.addBeforeLogger(LoggerAdvice.java:34) - IP : 192.168.71.229
[2019-08-15 15:48:00:876]  [hmmzhtx_eureka_client,afa544173f9e700c,80f880ae6ee71166,afa544173f9e700c,true] [INFO] - com.myylm.commons.aop.LoggerAdvice.addBeforeLogger(LoggerAdvice.java:35) - CLASS_METHOD : com.myylm.Controller.HelloController.HelloWordController
[2019-08-15 15:48:00:877]  [hmmzhtx_eureka_client,afa544173f9e700c,80f880ae6ee71166,afa544173f9e700c,true] [INFO] - com.myylm.commons.aop.LoggerAdvice.addBeforeLogger(LoggerAdvice.java:36) - ARGS : 传入参数[{}] java.lang.String@7bb96f[value={单,纯,的,消,费,者},hash=1678219626]  
[2019-08-15 15:48:00:877]  [hmmzhtx_eureka_client,afa544173f9e700c,80f880ae6ee71166,afa544173f9e700c,true] [INFO] - com.myylm.Controller.HelloController.HelloWordController(HelloController.java:29) - client1....
[2019-08-15 15:48:00:878]  [hmmzhtx_eureka_client,afa544173f9e700c,80f880ae6ee71166,afa544173f9e700c,true] [INFO] - com.myylm.commons.aop.LoggerAdvice.addAfterReturningLogger(LoggerAdvice.java:42) - 执行 client_Hello 结束
[2019-08-15 15:48:01:666]  [hmmzhtx_eureka_client,80674facc400d2f4,086862ac93a917bc,80674facc400d2f4,true] [INFO] - com.myylm.commons.aop.LoggerAdvice.addBeforeLogger(LoggerAdvice.java:26) - 执行 client_Hello 开始
[2019-08-15 15:48:01:667]  [hmmzhtx_eureka_client,80674facc400d2f4,086862ac93a917bc,80674facc400d2f4,true] [INFO] - com.myylm.commons.aop.LoggerAdvice.addBeforeLogger(LoggerAdvice.java:32) - URL : http://SH-NC-0025.zzss.local:2001/helloSay
[2019-08-15 15:48:01:667]  [hmmzhtx_eureka_client,80674facc400d2f4,086862ac93a917bc,80674facc400d2f4,true] [INFO] - com.myylm.commons.aop.LoggerAdvice.addBeforeLogger(LoggerAdvice.java:33) - HTTP_METHOD : GET
[2019-08-15 15:48:01:668]  [hmmzhtx_eureka_client,80674facc400d2f4,086862ac93a917bc,80674facc400d2f4,true] [INFO] - com.myylm.commons.aop.LoggerAdvice.addBeforeLogger(LoggerAdvice.java:34) - IP : 192.168.71.229
[2019-08-15 15:48:01:669]  [hmmzhtx_eureka_client,80674facc400d2f4,086862ac93a917bc,80674facc400d2f4,true] [INFO] - com.myylm.commons.aop.LoggerAdvice.addBeforeLogger(LoggerAdvice.java:35) - CLASS_METHOD : com.myylm.Controller.HelloController.HelloWordController
[2019-08-15 15:48:01:670]  [hmmzhtx_eureka_client,80674facc400d2f4,086862ac93a917bc,80674facc400d2f4,true] [INFO] - com.myylm.commons.aop.LoggerAdvice.addBeforeLogger(LoggerAdvice.java:36) - ARGS : 传入参数[{}] java.lang.String@6a1830[value={单,纯,的,消,费,者},hash=1678219626]  
[2019-08-15 15:48:01:672]  [hmmzhtx_eureka_client,80674facc400d2f4,086862ac93a917bc,80674facc400d2f4,true] [INFO] - com.myylm.Controller.HelloController.HelloWordController(HelloController.java:29) - client1....
[2019-08-15 15:48:01:672]  [hmmzhtx_eureka_client,80674facc400d2f4,086862ac93a917bc,80674facc400d2f4,true] [INFO] - com.myylm.commons.aop.LoggerAdvice.addAfterReturningLogger(LoggerAdvice.java:42) - 执行 client_Hello 结束
[2019-08-15 15:48:02:604]  [hmmzhtx_eureka_client,f243f7a7fe8cb957,707686ce6ebac098,f243f7a7fe8cb957,true] [INFO] - com.myylm.commons.aop.LoggerAdvice.addBeforeLogger(LoggerAdvice.java:26) - 执行 client_Hello 开始
[2019-08-15 15:48:02:605]  [hmmzhtx_eureka_client,f243f7a7fe8cb957,707686ce6ebac098,f243f7a7fe8cb957,true] [INFO] - com.myylm.commons.aop.LoggerAdvice.addBeforeLogger(LoggerAdvice.java:32) - URL : http://SH-NC-0025.zzss.local:2001/helloSay
[2019-08-15 15:48:02:606]  [hmmzhtx_eureka_client,f243f7a7fe8cb957,707686ce6ebac098,f243f7a7fe8cb957,true] [INFO] - com.myylm.commons.aop.LoggerAdvice.addBeforeLogger(LoggerAdvice.java:33) - HTTP_METHOD : GET
[2019-08-15 15:48:02:607]  [hmmzhtx_eureka_client,f243f7a7fe8cb957,707686ce6ebac098,f243f7a7fe8cb957,true] [INFO] - com.myylm.commons.aop.LoggerAdvice.addBeforeLogger(LoggerAdvice.java:34) - IP : 192.168.71.229
[2019-08-15 15:48:02:608]  [hmmzhtx_eureka_client,f243f7a7fe8cb957,707686ce6ebac098,f243f7a7fe8cb957,true] [INFO] - com.myylm.commons.aop.LoggerAdvice.addBeforeLogger(LoggerAdvice.java:35) - CLASS_METHOD : com.myylm.Controller.HelloController.HelloWordController
[2019-08-15 15:48:02:608]  [hmmzhtx_eureka_client,f243f7a7fe8cb957,707686ce6ebac098,f243f7a7fe8cb957,true] [INFO] - com.myylm.commons.aop.LoggerAdvice.addBeforeLogger(LoggerAdvice.java:36) - ARGS : 传入参数[{}] java.lang.String@370286[value={单,纯,的,消,费,者},hash=1678219626]  
[2019-08-15 15:48:02:609]  [hmmzhtx_eureka_client,f243f7a7fe8cb957,707686ce6ebac098,f243f7a7fe8cb957,true] [INFO] - com.myylm.Controller.HelloController.HelloWordController(HelloController.java:29) - client1....
[2019-08-15 15:48:02:611]  [hmmzhtx_eureka_client,f243f7a7fe8cb957,707686ce6ebac098,f243f7a7fe8cb957,true] [INFO] - com.myylm.commons.aop.LoggerAdvice.addAfterReturningLogger(LoggerAdvice.java:42) - 执行 client_Hello 结束
[2019-08-15 15:48:14:561]  [hmmzhtx_eureka_client,05c6955c234619bc,095d4635635d8217,05c6955c234619bc,true] [INFO] - com.myylm.commons.aop.LoggerAdvice.addBeforeLogger(LoggerAdvice.java:26) - 执行 client_Hello 开始
[2019-08-15 15:48:14:562]  [hmmzhtx_eureka_client,05c6955c234619bc,095d4635635d8217,05c6955c234619bc,true] [INFO] - com.myylm.commons.aop.LoggerAdvice.addBeforeLogger(LoggerAdvice.java:32) - URL : http://SH-NC-0025.zzss.local:2001/helloSay
[2019-08-15 15:48:14:563]  [hmmzhtx_eureka_client,05c6955c234619bc,095d4635635d8217,05c6955c234619bc,true] [INFO] - com.myylm.commons.aop.LoggerAdvice.addBeforeLogger(LoggerAdvice.java:33) - HTTP_METHOD : GET
[2019-08-15 15:48:14:563]  [hmmzhtx_eureka_client,05c6955c234619bc,095d4635635d8217,05c6955c234619bc,true] [INFO] - com.myylm.commons.aop.LoggerAdvice.addBeforeLogger(LoggerAdvice.java:34) - IP : 192.168.71.229
[2019-08-15 15:48:14:564]  [hmmzhtx_eureka_client,05c6955c234619bc,095d4635635d8217,05c6955c234619bc,true] [INFO] - com.myylm.commons.aop.LoggerAdvice.addBeforeLogger(LoggerAdvice.java:35) - CLASS_METHOD : com.myylm.Controller.HelloController.HelloWordController
[2019-08-15 15:48:14:565]  [hmmzhtx_eureka_client,05c6955c234619bc,095d4635635d8217,05c6955c234619bc,true] [INFO] - com.myylm.commons.aop.LoggerAdvice.addBeforeLogger(LoggerAdvice.java:36) - ARGS : 传入参数[{}] java.lang.String@f0a076[value={单,纯,的,消,费,者},hash=1678219626]  
[2019-08-15 15:48:14:565]  [hmmzhtx_eureka_client,05c6955c234619bc,095d4635635d8217,05c6955c234619bc,true] [INFO] - com.myylm.Controller.HelloController.HelloWordController(HelloController.java:29) - client1....
[2019-08-15 15:48:14:566]  [hmmzhtx_eureka_client,05c6955c234619bc,095d4635635d8217,05c6955c234619bc,true] [INFO] - com.myylm.commons.aop.LoggerAdvice.addAfterReturningLogger(LoggerAdvice.java:42) - 执行 client_Hello 结束
[2019-08-15 15:48:23:382]  [hmmzhtx_eureka_client,95d8e25b6e832c82,e24e404d23f57e6d,95d8e25b6e832c82,true] [INFO] - com.myylm.commons.aop.LoggerAdvice.addBeforeLogger(LoggerAdvice.java:26) - 执行 client_Hello 开始
[2019-08-15 15:48:23:383]  [hmmzhtx_eureka_client,95d8e25b6e832c82,e24e404d23f57e6d,95d8e25b6e832c82,true] [INFO] - com.myylm.commons.aop.LoggerAdvice.addBeforeLogger(LoggerAdvice.java:32) - URL : http://SH-NC-0025.zzss.local:2001/helloSay
[2019-08-15 15:48:23:384]  [hmmzhtx_eureka_client,95d8e25b6e832c82,e24e404d23f57e6d,95d8e25b6e832c82,true] [INFO] - com.myylm.commons.aop.LoggerAdvice.addBeforeLogger(LoggerAdvice.java:33) - HTTP_METHOD : GET
[2019-08-15 15:48:23:385]  [hmmzhtx_eureka_client,95d8e25b6e832c82,e24e404d23f57e6d,95d8e25b6e832c82,true] [INFO] - com.myylm.commons.aop.LoggerAdvice.addBeforeLogger(LoggerAdvice.java:34) - IP : 192.168.71.229
[2019-08-15 15:48:23:385]  [hmmzhtx_eureka_client,95d8e25b6e832c82,e24e404d23f57e6d,95d8e25b6e832c82,true] [INFO] - com.myylm.commons.aop.LoggerAdvice.addBeforeLogger(LoggerAdvice.java:35) - CLASS_METHOD : com.myylm.Controller.HelloController.HelloWordController
[2019-08-15 15:48:23:386]  [hmmzhtx_eureka_client,95d8e25b6e832c82,e24e404d23f57e6d,95d8e25b6e832c82,true] [INFO] - com.myylm.commons.aop.LoggerAdvice.addBeforeLogger(LoggerAdvice.java:36) - ARGS : 传入参数[{}] java.lang.String@29383f[value={单,纯,的,消,费,者},hash=1678219626]  
[2019-08-15 15:48:23:387]  [hmmzhtx_eureka_client,95d8e25b6e832c82,e24e404d23f57e6d,95d8e25b6e832c82,true] [INFO] - com.myylm.Controller.HelloController.HelloWordController(HelloController.java:29) - client1....
[2019-08-15 15:48:23:388]  [hmmzhtx_eureka_client,95d8e25b6e832c82,e24e404d23f57e6d,95d8e25b6e832c82,true] [INFO] - com.myylm.commons.aop.LoggerAdvice.addAfterReturningLogger(LoggerAdvice.java:42) - 执行 client_Hello 结束
[2019-08-15 15:48:54:637]  [hmmzhtx_eureka_client,ee2c0d9650b9e581,717f169ae399207c,ee2c0d9650b9e581,true] [INFO] - com.myylm.commons.aop.LoggerAdvice.addBeforeLogger(LoggerAdvice.java:26) - 执行 client_Hello 开始
[2019-08-15 15:48:54:638]  [hmmzhtx_eureka_client,ee2c0d9650b9e581,717f169ae399207c,ee2c0d9650b9e581,true] [INFO] - com.myylm.commons.aop.LoggerAdvice.addBeforeLogger(LoggerAdvice.java:32) - URL : http://SH-NC-0025.zzss.local:2001/helloSay
[2019-08-15 15:48:54:638]  [hmmzhtx_eureka_client,ee2c0d9650b9e581,717f169ae399207c,ee2c0d9650b9e581,true] [INFO] - com.myylm.commons.aop.LoggerAdvice.addBeforeLogger(LoggerAdvice.java:33) - HTTP_METHOD : GET
[2019-08-15 15:48:54:639]  [hmmzhtx_eureka_client,ee2c0d9650b9e581,717f169ae399207c,ee2c0d9650b9e581,true] [INFO] - com.myylm.commons.aop.LoggerAdvice.addBeforeLogger(LoggerAdvice.java:34) - IP : 192.168.71.229
[2019-08-15 15:48:54:640]  [hmmzhtx_eureka_client,ee2c0d9650b9e581,717f169ae399207c,ee2c0d9650b9e581,true] [INFO] - com.myylm.commons.aop.LoggerAdvice.addBeforeLogger(LoggerAdvice.java:35) - CLASS_METHOD : com.myylm.Controller.HelloController.HelloWordController
[2019-08-15 15:48:54:640]  [hmmzhtx_eureka_client,ee2c0d9650b9e581,717f169ae399207c,ee2c0d9650b9e581,true] [INFO] - com.myylm.commons.aop.LoggerAdvice.addBeforeLogger(LoggerAdvice.java:36) - ARGS : 传入参数[{}] java.lang.String@1017569[value={单,纯,的,消,费,者},hash=1678219626]  
[2019-08-15 15:48:54:641]  [hmmzhtx_eureka_client,ee2c0d9650b9e581,717f169ae399207c,ee2c0d9650b9e581,true] [INFO] - com.myylm.Controller.HelloController.HelloWordController(HelloController.java:29) - client1....
[2019-08-15 15:48:54:641]  [hmmzhtx_eureka_client,ee2c0d9650b9e581,717f169ae399207c,ee2c0d9650b9e581,true] [INFO] - com.myylm.commons.aop.LoggerAdvice.addAfterReturningLogger(LoggerAdvice.java:42) - 执行 client_Hello 结束
[2019-08-15 15:48:55:399]  [hmmzhtx_eureka_client,ca3b0efb88d083c7,fec6b65e953f482e,ca3b0efb88d083c7,true] [INFO] - com.myylm.commons.aop.LoggerAdvice.addBeforeLogger(LoggerAdvice.java:26) - 执行 client_Hello 开始
[2019-08-15 15:48:55:400]  [hmmzhtx_eureka_client,ca3b0efb88d083c7,fec6b65e953f482e,ca3b0efb88d083c7,true] [INFO] - com.myylm.commons.aop.LoggerAdvice.addBeforeLogger(LoggerAdvice.java:32) - URL : http://SH-NC-0025.zzss.local:2001/helloSay
[2019-08-15 15:48:55:401]  [hmmzhtx_eureka_client,ca3b0efb88d083c7,fec6b65e953f482e,ca3b0efb88d083c7,true] [INFO] - com.myylm.commons.aop.LoggerAdvice.addBeforeLogger(LoggerAdvice.java:33) - HTTP_METHOD : GET
[2019-08-15 15:48:55:401]  [hmmzhtx_eureka_client,ca3b0efb88d083c7,fec6b65e953f482e,ca3b0efb88d083c7,true] [INFO] - com.myylm.commons.aop.LoggerAdvice.addBeforeLogger(LoggerAdvice.java:34) - IP : 192.168.71.229
[2019-08-15 15:48:55:402]  [hmmzhtx_eureka_client,ca3b0efb88d083c7,fec6b65e953f482e,ca3b0efb88d083c7,true] [INFO] - com.myylm.commons.aop.LoggerAdvice.addBeforeLogger(LoggerAdvice.java:35) - CLASS_METHOD : com.myylm.Controller.HelloController.HelloWordController
[2019-08-15 15:48:55:403]  [hmmzhtx_eureka_client,ca3b0efb88d083c7,fec6b65e953f482e,ca3b0efb88d083c7,true] [INFO] - com.myylm.commons.aop.LoggerAdvice.addBeforeLogger(LoggerAdvice.java:36) - ARGS : 传入参数[{}] java.lang.String@b277d0[value={单,纯,的,消,费,者},hash=1678219626]  
[2019-08-15 15:48:55:403]  [hmmzhtx_eureka_client,ca3b0efb88d083c7,fec6b65e953f482e,ca3b0efb88d083c7,true] [INFO] - com.myylm.Controller.HelloController.HelloWordController(HelloController.java:29) - client1....
[2019-08-15 15:48:55:404]  [hmmzhtx_eureka_client,ca3b0efb88d083c7,fec6b65e953f482e,ca3b0efb88d083c7,true] [INFO] - com.myylm.commons.aop.LoggerAdvice.addAfterReturningLogger(LoggerAdvice.java:42) - 执行 client_Hello 结束
[2019-08-15 15:48:56:366]  [hmmzhtx_eureka_client,240cbfab5e07373d,1fe5c580a33595a6,240cbfab5e07373d,true] [INFO] - com.myylm.commons.aop.LoggerAdvice.addBeforeLogger(LoggerAdvice.java:26) - 执行 client_Hello 开始
[2019-08-15 15:48:56:367]  [hmmzhtx_eureka_client,240cbfab5e07373d,1fe5c580a33595a6,240cbfab5e07373d,true] [INFO] - com.myylm.commons.aop.LoggerAdvice.addBeforeLogger(LoggerAdvice.java:32) - URL : http://SH-NC-0025.zzss.local:2001/helloSay
[2019-08-15 15:48:56:367]  [hmmzhtx_eureka_client,240cbfab5e07373d,1fe5c580a33595a6,240cbfab5e07373d,true] [INFO] - com.myylm.commons.aop.LoggerAdvice.addBeforeLogger(LoggerAdvice.java:33) - HTTP_METHOD : GET
[2019-08-15 15:48:56:368]  [hmmzhtx_eureka_client,240cbfab5e07373d,1fe5c580a33595a6,240cbfab5e07373d,true] [INFO] - com.myylm.commons.aop.LoggerAdvice.addBeforeLogger(LoggerAdvice.java:34) - IP : 192.168.71.229
[2019-08-15 15:48:56:368]  [hmmzhtx_eureka_client,240cbfab5e07373d,1fe5c580a33595a6,240cbfab5e07373d,true] [INFO] - com.myylm.commons.aop.LoggerAdvice.addBeforeLogger(LoggerAdvice.java:35) - CLASS_METHOD : com.myylm.Controller.HelloController.HelloWordController
[2019-08-15 15:48:56:369]  [hmmzhtx_eureka_client,240cbfab5e07373d,1fe5c580a33595a6,240cbfab5e07373d,true] [INFO] - com.myylm.commons.aop.LoggerAdvice.addBeforeLogger(LoggerAdvice.java:36) - ARGS : 传入参数[{}] java.lang.String@83d21f[value={单,纯,的,消,费,者},hash=1678219626]  
[2019-08-15 15:48:56:369]  [hmmzhtx_eureka_client,240cbfab5e07373d,1fe5c580a33595a6,240cbfab5e07373d,true] [INFO] - com.myylm.Controller.HelloController.HelloWordController(HelloController.java:29) - client1....
[2019-08-15 15:48:56:370]  [hmmzhtx_eureka_client,240cbfab5e07373d,1fe5c580a33595a6,240cbfab5e07373d,true] [INFO] - com.myylm.commons.aop.LoggerAdvice.addAfterReturningLogger(LoggerAdvice.java:42) - 执行 client_Hello 结束
[2019-08-15 15:48:57:720]  [hmmzhtx_eureka_client,d5a346dd377963fa,0e695b1bcd5b5c2d,d5a346dd377963fa,true] [INFO] - com.myylm.commons.aop.LoggerAdvice.addBeforeLogger(LoggerAdvice.java:26) - 执行 client_Hello 开始
[2019-08-15 15:48:57:721]  [hmmzhtx_eureka_client,d5a346dd377963fa,0e695b1bcd5b5c2d,d5a346dd377963fa,true] [INFO] - com.myylm.commons.aop.LoggerAdvice.addBeforeLogger(LoggerAdvice.java:32) - URL : http://SH-NC-0025.zzss.local:2001/helloSay
[2019-08-15 15:48:57:722]  [hmmzhtx_eureka_client,d5a346dd377963fa,0e695b1bcd5b5c2d,d5a346dd377963fa,true] [INFO] - com.myylm.commons.aop.LoggerAdvice.addBeforeLogger(LoggerAdvice.java:33) - HTTP_METHOD : GET
[2019-08-15 15:48:57:723]  [hmmzhtx_eureka_client,d5a346dd377963fa,0e695b1bcd5b5c2d,d5a346dd377963fa,true] [INFO] - com.myylm.commons.aop.LoggerAdvice.addBeforeLogger(LoggerAdvice.java:34) - IP : 192.168.71.229
[2019-08-15 15:48:57:724]  [hmmzhtx_eureka_client,d5a346dd377963fa,0e695b1bcd5b5c2d,d5a346dd377963fa,true] [INFO] - com.myylm.commons.aop.LoggerAdvice.addBeforeLogger(LoggerAdvice.java:35) - CLASS_METHOD : com.myylm.Controller.HelloController.HelloWordController
[2019-08-15 15:48:57:725]  [hmmzhtx_eureka_client,d5a346dd377963fa,0e695b1bcd5b5c2d,d5a346dd377963fa,true] [INFO] - com.myylm.commons.aop.LoggerAdvice.addBeforeLogger(LoggerAdvice.java:36) - ARGS : 传入参数[{}] java.lang.String@927340[value={单,纯,的,消,费,者},hash=1678219626]  
[2019-08-15 15:48:57:726]  [hmmzhtx_eureka_client,d5a346dd377963fa,0e695b1bcd5b5c2d,d5a346dd377963fa,true] [INFO] - com.myylm.Controller.HelloController.HelloWordController(HelloController.java:29) - client1....
[2019-08-15 15:48:57:726]  [hmmzhtx_eureka_client,d5a346dd377963fa,0e695b1bcd5b5c2d,d5a346dd377963fa,true] [INFO] - com.myylm.commons.aop.LoggerAdvice.addAfterReturningLogger(LoggerAdvice.java:42) - 执行 client_Hello 结束
[2019-08-15 15:48:58:505]  [hmmzhtx_eureka_client,02b2072e3ed108ef,56625855a073a0ad,02b2072e3ed108ef,true] [INFO] - com.myylm.commons.aop.LoggerAdvice.addBeforeLogger(LoggerAdvice.java:26) - 执行 client_Hello 开始
[2019-08-15 15:48:58:507]  [hmmzhtx_eureka_client,02b2072e3ed108ef,56625855a073a0ad,02b2072e3ed108ef,true] [INFO] - com.myylm.commons.aop.LoggerAdvice.addBeforeLogger(LoggerAdvice.java:32) - URL : http://SH-NC-0025.zzss.local:2001/helloSay
[2019-08-15 15:48:58:507]  [hmmzhtx_eureka_client,02b2072e3ed108ef,56625855a073a0ad,02b2072e3ed108ef,true] [INFO] - com.myylm.commons.aop.LoggerAdvice.addBeforeLogger(LoggerAdvice.java:33) - HTTP_METHOD : GET
[2019-08-15 15:48:58:508]  [hmmzhtx_eureka_client,02b2072e3ed108ef,56625855a073a0ad,02b2072e3ed108ef,true] [INFO] - com.myylm.commons.aop.LoggerAdvice.addBeforeLogger(LoggerAdvice.java:34) - IP : 192.168.71.229
[2019-08-15 15:48:58:509]  [hmmzhtx_eureka_client,02b2072e3ed108ef,56625855a073a0ad,02b2072e3ed108ef,true] [INFO] - com.myylm.commons.aop.LoggerAdvice.addBeforeLogger(LoggerAdvice.java:35) - CLASS_METHOD : com.myylm.Controller.HelloController.HelloWordController
[2019-08-15 15:48:58:510]  [hmmzhtx_eureka_client,02b2072e3ed108ef,56625855a073a0ad,02b2072e3ed108ef,true] [INFO] - com.myylm.commons.aop.LoggerAdvice.addBeforeLogger(LoggerAdvice.java:36) - ARGS : 传入参数[{}] java.lang.String@cf69f6[value={单,纯,的,消,费,者},hash=1678219626]  
[2019-08-15 15:48:58:511]  [hmmzhtx_eureka_client,02b2072e3ed108ef,56625855a073a0ad,02b2072e3ed108ef,true] [INFO] - com.myylm.Controller.HelloController.HelloWordController(HelloController.java:29) - client1....
[2019-08-15 15:48:58:511]  [hmmzhtx_eureka_client,02b2072e3ed108ef,56625855a073a0ad,02b2072e3ed108ef,true] [INFO] - com.myylm.commons.aop.LoggerAdvice.addAfterReturningLogger(LoggerAdvice.java:42) - 执行 client_Hello 结束
[2019-08-15 15:48:59:478]  [hmmzhtx_eureka_client,6388ff6503fa05ec,2915a23d1f76b8e5,6388ff6503fa05ec,true] [INFO] - com.myylm.commons.aop.LoggerAdvice.addBeforeLogger(LoggerAdvice.java:26) - 执行 client_Hello 开始
[2019-08-15 15:48:59:478]  [hmmzhtx_eureka_client,6388ff6503fa05ec,2915a23d1f76b8e5,6388ff6503fa05ec,true] [INFO] - com.myylm.commons.aop.LoggerAdvice.addBeforeLogger(LoggerAdvice.java:32) - URL : http://SH-NC-0025.zzss.local:2001/helloSay
[2019-08-15 15:48:59:479]  [hmmzhtx_eureka_client,6388ff6503fa05ec,2915a23d1f76b8e5,6388ff6503fa05ec,true] [INFO] - com.myylm.commons.aop.LoggerAdvice.addBeforeLogger(LoggerAdvice.java:33) - HTTP_METHOD : GET
[2019-08-15 15:48:59:479]  [hmmzhtx_eureka_client,6388ff6503fa05ec,2915a23d1f76b8e5,6388ff6503fa05ec,true] [INFO] - com.myylm.commons.aop.LoggerAdvice.addBeforeLogger(LoggerAdvice.java:34) - IP : 192.168.71.229
[2019-08-15 15:48:59:480]  [hmmzhtx_eureka_client,6388ff6503fa05ec,2915a23d1f76b8e5,6388ff6503fa05ec,true] [INFO] - com.myylm.commons.aop.LoggerAdvice.addBeforeLogger(LoggerAdvice.java:35) - CLASS_METHOD : com.myylm.Controller.HelloController.HelloWordController
[2019-08-15 15:48:59:480]  [hmmzhtx_eureka_client,6388ff6503fa05ec,2915a23d1f76b8e5,6388ff6503fa05ec,true] [INFO] - com.myylm.commons.aop.LoggerAdvice.addBeforeLogger(LoggerAdvice.java:36) - ARGS : 传入参数[{}] java.lang.String@c02008[value={单,纯,的,消,费,者},hash=1678219626]  
[2019-08-15 15:48:59:480]  [hmmzhtx_eureka_client,6388ff6503fa05ec,2915a23d1f76b8e5,6388ff6503fa05ec,true] [INFO] - com.myylm.Controller.HelloController.HelloWordController(HelloController.java:29) - client1....
[2019-08-15 15:48:59:481]  [hmmzhtx_eureka_client,6388ff6503fa05ec,2915a23d1f76b8e5,6388ff6503fa05ec,true] [INFO] - com.myylm.commons.aop.LoggerAdvice.addAfterReturningLogger(LoggerAdvice.java:42) - 执行 client_Hello 结束
[2019-08-15 15:49:00:287]  [hmmzhtx_eureka_client,551a57a9858345fd,d305dc5bab10510f,551a57a9858345fd,true] [INFO] - com.myylm.commons.aop.LoggerAdvice.addBeforeLogger(LoggerAdvice.java:26) - 执行 client_Hello 开始
[2019-08-15 15:49:00:287]  [hmmzhtx_eureka_client,551a57a9858345fd,d305dc5bab10510f,551a57a9858345fd,true] [INFO] - com.myylm.commons.aop.LoggerAdvice.addBeforeLogger(LoggerAdvice.java:32) - URL : http://SH-NC-0025.zzss.local:2001/helloSay
[2019-08-15 15:49:00:288]  [hmmzhtx_eureka_client,551a57a9858345fd,d305dc5bab10510f,551a57a9858345fd,true] [INFO] - com.myylm.commons.aop.LoggerAdvice.addBeforeLogger(LoggerAdvice.java:33) - HTTP_METHOD : GET
[2019-08-15 15:49:00:289]  [hmmzhtx_eureka_client,551a57a9858345fd,d305dc5bab10510f,551a57a9858345fd,true] [INFO] - com.myylm.commons.aop.LoggerAdvice.addBeforeLogger(LoggerAdvice.java:34) - IP : 192.168.71.229
[2019-08-15 15:49:00:291]  [hmmzhtx_eureka_client,551a57a9858345fd,d305dc5bab10510f,551a57a9858345fd,true] [INFO] - com.myylm.commons.aop.LoggerAdvice.addBeforeLogger(LoggerAdvice.java:35) - CLASS_METHOD : com.myylm.Controller.HelloController.HelloWordController
[2019-08-15 15:49:00:291]  [hmmzhtx_eureka_client,551a57a9858345fd,d305dc5bab10510f,551a57a9858345fd,true] [INFO] - com.myylm.commons.aop.LoggerAdvice.addBeforeLogger(LoggerAdvice.java:36) - ARGS : 传入参数[{}] java.lang.String@aea5cf[value={单,纯,的,消,费,者},hash=1678219626]  
[2019-08-15 15:49:00:292]  [hmmzhtx_eureka_client,551a57a9858345fd,d305dc5bab10510f,551a57a9858345fd,true] [INFO] - com.myylm.Controller.HelloController.HelloWordController(HelloController.java:29) - client1....
[2019-08-15 15:49:00:293]  [hmmzhtx_eureka_client,551a57a9858345fd,d305dc5bab10510f,551a57a9858345fd,true] [INFO] - com.myylm.commons.aop.LoggerAdvice.addAfterReturningLogger(LoggerAdvice.java:42) - 执行 client_Hello 结束
[2019-08-15 15:49:01:449]  [hmmzhtx_eureka_client,e155ff0714e0eaa4,f01b48104c1a80d3,e155ff0714e0eaa4,true] [INFO] - com.myylm.commons.aop.LoggerAdvice.addBeforeLogger(LoggerAdvice.java:26) - 执行 client_Hello 开始
[2019-08-15 15:49:01:450]  [hmmzhtx_eureka_client,e155ff0714e0eaa4,f01b48104c1a80d3,e155ff0714e0eaa4,true] [INFO] - com.myylm.commons.aop.LoggerAdvice.addBeforeLogger(LoggerAdvice.java:32) - URL : http://SH-NC-0025.zzss.local:2001/helloSay
[2019-08-15 15:49:01:451]  [hmmzhtx_eureka_client,e155ff0714e0eaa4,f01b48104c1a80d3,e155ff0714e0eaa4,true] [INFO] - com.myylm.commons.aop.LoggerAdvice.addBeforeLogger(LoggerAdvice.java:33) - HTTP_METHOD : GET
[2019-08-15 15:49:01:452]  [hmmzhtx_eureka_client,e155ff0714e0eaa4,f01b48104c1a80d3,e155ff0714e0eaa4,true] [INFO] - com.myylm.commons.aop.LoggerAdvice.addBeforeLogger(LoggerAdvice.java:34) - IP : 192.168.71.229
[2019-08-15 15:49:01:452]  [hmmzhtx_eureka_client,e155ff0714e0eaa4,f01b48104c1a80d3,e155ff0714e0eaa4,true] [INFO] - com.myylm.commons.aop.LoggerAdvice.addBeforeLogger(LoggerAdvice.java:35) - CLASS_METHOD : com.myylm.Controller.HelloController.HelloWordController
[2019-08-15 15:49:01:453]  [hmmzhtx_eureka_client,e155ff0714e0eaa4,f01b48104c1a80d3,e155ff0714e0eaa4,true] [INFO] - com.myylm.commons.aop.LoggerAdvice.addBeforeLogger(LoggerAdvice.java:36) - ARGS : 传入参数[{}] java.lang.String@1832951[value={单,纯,的,消,费,者},hash=1678219626]  
[2019-08-15 15:49:01:454]  [hmmzhtx_eureka_client,e155ff0714e0eaa4,f01b48104c1a80d3,e155ff0714e0eaa4,true] [INFO] - com.myylm.Controller.HelloController.HelloWordController(HelloController.java:29) - client1....
[2019-08-15 15:49:01:454]  [hmmzhtx_eureka_client,e155ff0714e0eaa4,f01b48104c1a80d3,e155ff0714e0eaa4,true] [INFO] - com.myylm.commons.aop.LoggerAdvice.addAfterReturningLogger(LoggerAdvice.java:42) - 执行 client_Hello 结束
[2019-08-15 15:49:02:306]  [hmmzhtx_eureka_client,7712684bdaa5ca0d,2add8c3b4a69e153,7712684bdaa5ca0d,true] [INFO] - com.myylm.commons.aop.LoggerAdvice.addBeforeLogger(LoggerAdvice.java:26) - 执行 client_Hello 开始
[2019-08-15 15:49:02:306]  [hmmzhtx_eureka_client,7712684bdaa5ca0d,2add8c3b4a69e153,7712684bdaa5ca0d,true] [INFO] - com.myylm.commons.aop.LoggerAdvice.addBeforeLogger(LoggerAdvice.java:32) - URL : http://SH-NC-0025.zzss.local:2001/helloSay
[2019-08-15 15:49:02:307]  [hmmzhtx_eureka_client,7712684bdaa5ca0d,2add8c3b4a69e153,7712684bdaa5ca0d,true] [INFO] - com.myylm.commons.aop.LoggerAdvice.addBeforeLogger(LoggerAdvice.java:33) - HTTP_METHOD : GET
[2019-08-15 15:49:02:307]  [hmmzhtx_eureka_client,7712684bdaa5ca0d,2add8c3b4a69e153,7712684bdaa5ca0d,true] [INFO] - com.myylm.commons.aop.LoggerAdvice.addBeforeLogger(LoggerAdvice.java:34) - IP : 192.168.71.229
[2019-08-15 15:49:02:308]  [hmmzhtx_eureka_client,7712684bdaa5ca0d,2add8c3b4a69e153,7712684bdaa5ca0d,true] [INFO] - com.myylm.commons.aop.LoggerAdvice.addBeforeLogger(LoggerAdvice.java:35) - CLASS_METHOD : com.myylm.Controller.HelloController.HelloWordController
[2019-08-15 15:49:02:308]  [hmmzhtx_eureka_client,7712684bdaa5ca0d,2add8c3b4a69e153,7712684bdaa5ca0d,true] [INFO] - com.myylm.commons.aop.LoggerAdvice.addBeforeLogger(LoggerAdvice.java:36) - ARGS : 传入参数[{}] java.lang.String@30fd74[value={单,纯,的,消,费,者},hash=1678219626]  
[2019-08-15 15:49:02:309]  [hmmzhtx_eureka_client,7712684bdaa5ca0d,2add8c3b4a69e153,7712684bdaa5ca0d,true] [INFO] - com.myylm.Controller.HelloController.HelloWordController(HelloController.java:29) - client1....
[2019-08-15 15:49:02:310]  [hmmzhtx_eureka_client,7712684bdaa5ca0d,2add8c3b4a69e153,7712684bdaa5ca0d,true] [INFO] - com.myylm.commons.aop.LoggerAdvice.addAfterReturningLogger(LoggerAdvice.java:42) - 执行 client_Hello 结束
[2019-08-15 15:49:03:054]  [hmmzhtx_eureka_client,9c34dfded00c706a,fdb169af5d1ae551,9c34dfded00c706a,true] [INFO] - com.myylm.commons.aop.LoggerAdvice.addBeforeLogger(LoggerAdvice.java:26) - 执行 client_Hello 开始
[2019-08-15 15:49:03:055]  [hmmzhtx_eureka_client,9c34dfded00c706a,fdb169af5d1ae551,9c34dfded00c706a,true] [INFO] - com.myylm.commons.aop.LoggerAdvice.addBeforeLogger(LoggerAdvice.java:32) - URL : http://SH-NC-0025.zzss.local:2001/helloSay
[2019-08-15 15:49:03:056]  [hmmzhtx_eureka_client,9c34dfded00c706a,fdb169af5d1ae551,9c34dfded00c706a,true] [INFO] - com.myylm.commons.aop.LoggerAdvice.addBeforeLogger(LoggerAdvice.java:33) - HTTP_METHOD : GET
[2019-08-15 15:49:03:057]  [hmmzhtx_eureka_client,9c34dfded00c706a,fdb169af5d1ae551,9c34dfded00c706a,true] [INFO] - com.myylm.commons.aop.LoggerAdvice.addBeforeLogger(LoggerAdvice.java:34) - IP : 192.168.71.229
[2019-08-15 15:49:03:058]  [hmmzhtx_eureka_client,9c34dfded00c706a,fdb169af5d1ae551,9c34dfded00c706a,true] [INFO] - com.myylm.commons.aop.LoggerAdvice.addBeforeLogger(LoggerAdvice.java:35) - CLASS_METHOD : com.myylm.Controller.HelloController.HelloWordController
[2019-08-15 15:49:03:058]  [hmmzhtx_eureka_client,9c34dfded00c706a,fdb169af5d1ae551,9c34dfded00c706a,true] [INFO] - com.myylm.commons.aop.LoggerAdvice.addBeforeLogger(LoggerAdvice.java:36) - ARGS : 传入参数[{}] java.lang.String@1e76a1c[value={单,纯,的,消,费,者},hash=1678219626]  
[2019-08-15 15:49:03:059]  [hmmzhtx_eureka_client,9c34dfded00c706a,fdb169af5d1ae551,9c34dfded00c706a,true] [INFO] - com.myylm.Controller.HelloController.HelloWordController(HelloController.java:29) - client1....
[2019-08-15 15:49:03:059]  [hmmzhtx_eureka_client,9c34dfded00c706a,fdb169af5d1ae551,9c34dfded00c706a,true] [INFO] - com.myylm.commons.aop.LoggerAdvice.addAfterReturningLogger(LoggerAdvice.java:42) - 执行 client_Hello 结束
[2019-08-15 15:49:03:727]  [hmmzhtx_eureka_client,a56a8624dc00ecc2,766df5d8c1028ad0,a56a8624dc00ecc2,true] [INFO] - com.myylm.commons.aop.LoggerAdvice.addBeforeLogger(LoggerAdvice.java:26) - 执行 client_Hello 开始
[2019-08-15 15:49:03:728]  [hmmzhtx_eureka_client,a56a8624dc00ecc2,766df5d8c1028ad0,a56a8624dc00ecc2,true] [INFO] - com.myylm.commons.aop.LoggerAdvice.addBeforeLogger(LoggerAdvice.java:32) - URL : http://SH-NC-0025.zzss.local:2001/helloSay
[2019-08-15 15:49:03:729]  [hmmzhtx_eureka_client,a56a8624dc00ecc2,766df5d8c1028ad0,a56a8624dc00ecc2,true] [INFO] - com.myylm.commons.aop.LoggerAdvice.addBeforeLogger(LoggerAdvice.java:33) - HTTP_METHOD : GET
[2019-08-15 15:49:03:729]  [hmmzhtx_eureka_client,a56a8624dc00ecc2,766df5d8c1028ad0,a56a8624dc00ecc2,true] [INFO] - com.myylm.commons.aop.LoggerAdvice.addBeforeLogger(LoggerAdvice.java:34) - IP : 192.168.71.229
[2019-08-15 15:49:03:730]  [hmmzhtx_eureka_client,a56a8624dc00ecc2,766df5d8c1028ad0,a56a8624dc00ecc2,true] [INFO] - com.myylm.commons.aop.LoggerAdvice.addBeforeLogger(LoggerAdvice.java:35) - CLASS_METHOD : com.myylm.Controller.HelloController.HelloWordController
[2019-08-15 15:49:03:730]  [hmmzhtx_eureka_client,a56a8624dc00ecc2,766df5d8c1028ad0,a56a8624dc00ecc2,true] [INFO] - com.myylm.commons.aop.LoggerAdvice.addBeforeLogger(LoggerAdvice.java:36) - ARGS : 传入参数[{}] java.lang.String@7b9f54[value={单,纯,的,消,费,者},hash=1678219626]  
[2019-08-15 15:49:03:731]  [hmmzhtx_eureka_client,a56a8624dc00ecc2,766df5d8c1028ad0,a56a8624dc00ecc2,true] [INFO] - com.myylm.Controller.HelloController.HelloWordController(HelloController.java:29) - client1....
[2019-08-15 15:49:03:731]  [hmmzhtx_eureka_client,a56a8624dc00ecc2,766df5d8c1028ad0,a56a8624dc00ecc2,true] [INFO] - com.myylm.commons.aop.LoggerAdvice.addAfterReturningLogger(LoggerAdvice.java:42) - 执行 client_Hello 结束
[2019-08-15 15:49:04:413]  [hmmzhtx_eureka_client,a707fc4ca5431a27,f426078d8b7e6ce8,a707fc4ca5431a27,true] [INFO] - com.myylm.commons.aop.LoggerAdvice.addBeforeLogger(LoggerAdvice.java:26) - 执行 client_Hello 开始
[2019-08-15 15:49:04:414]  [hmmzhtx_eureka_client,a707fc4ca5431a27,f426078d8b7e6ce8,a707fc4ca5431a27,true] [INFO] - com.myylm.commons.aop.LoggerAdvice.addBeforeLogger(LoggerAdvice.java:32) - URL : http://SH-NC-0025.zzss.local:2001/helloSay
[2019-08-15 15:49:04:414]  [hmmzhtx_eureka_client,a707fc4ca5431a27,f426078d8b7e6ce8,a707fc4ca5431a27,true] [INFO] - com.myylm.commons.aop.LoggerAdvice.addBeforeLogger(LoggerAdvice.java:33) - HTTP_METHOD : GET
[2019-08-15 15:49:04:415]  [hmmzhtx_eureka_client,a707fc4ca5431a27,f426078d8b7e6ce8,a707fc4ca5431a27,true] [INFO] - com.myylm.commons.aop.LoggerAdvice.addBeforeLogger(LoggerAdvice.java:34) - IP : 192.168.71.229
[2019-08-15 15:49:04:415]  [hmmzhtx_eureka_client,a707fc4ca5431a27,f426078d8b7e6ce8,a707fc4ca5431a27,true] [INFO] - com.myylm.commons.aop.LoggerAdvice.addBeforeLogger(LoggerAdvice.java:35) - CLASS_METHOD : com.myylm.Controller.HelloController.HelloWordController
[2019-08-15 15:49:04:416]  [hmmzhtx_eureka_client,a707fc4ca5431a27,f426078d8b7e6ce8,a707fc4ca5431a27,true] [INFO] - com.myylm.commons.aop.LoggerAdvice.addBeforeLogger(LoggerAdvice.java:36) - ARGS : 传入参数[{}] java.lang.String@12342a8[value={单,纯,的,消,费,者},hash=1678219626]  
[2019-08-15 15:49:04:416]  [hmmzhtx_eureka_client,a707fc4ca5431a27,f426078d8b7e6ce8,a707fc4ca5431a27,true] [INFO] - com.myylm.Controller.HelloController.HelloWordController(HelloController.java:29) - client1....
[2019-08-15 15:49:04:417]  [hmmzhtx_eureka_client,a707fc4ca5431a27,f426078d8b7e6ce8,a707fc4ca5431a27,true] [INFO] - com.myylm.commons.aop.LoggerAdvice.addAfterReturningLogger(LoggerAdvice.java:42) - 执行 client_Hello 结束
